1(C) COPYRIGHT 1982-1998 J.D.GASKI SINDA/G VERSION-1.80 NETWORK ANALYSIS ASSOCIATES, INC. - PAGE            1

      GLOBALSTAR                                            SIMPLIFIED S/C MODEL                                  50 NODES   

 *** NOTE *** SNADE REQUIRES     215 DYNAMIC STORAGE LOCATIONS OUT OF   99723 AVAILABLE ***
              TIMEND=   2.6667    , CSGFAC=   1.0000    , DTIMEI=   0.0000    , NLOOP =         1000
              ARLXCA=  0.10000E-01, ATMPCA=  0.10000E+09, DTMPCA=  0.10000E+09

 *****************
 TIME= 0.00000E+00, DTIMEU= 0.00000E+00, CSGMIN(      0)= 0.00000E+00, ATMPCC(      0)= 0.00000E+00, DTMPCC(      0)= 0.00000E+00
     LOOPCT=     0                                                   , ARLXCC(      0)= 0.00000E+00, DRLXCC(      0)= 0.00000E+00
 
 **** OUTPUT TEMPERATURES IN DEGREES   ****
 T    100 =   21.0000 T    101 =   21.0000 T    102 =   21.0000 T    103 =   21.0000 T    104 =   21.0000 T    105 =   21.0000
 T    106 =   21.0000 T    107 =   21.0000 T    108 =   21.0000 T    109 =   21.0000 T    110 =   21.0000 T    111 =   21.0000
 T    112 =   21.0000 T    113 =   21.0000 T    114 =   21.0000 T    115 =   21.0000 T    116 =   21.0000 T    117 =   21.0000
 T   1102 =   21.0000 T   1430 =   21.0000 T    600 =   21.0000 T   1101 =   21.0000 T    555 =   21.0000 T    565 =   21.0000
 T    900 =   21.0000 T    920 =   21.0000 T    922 =   21.0000 T    950 =   21.0000 T    951 =   21.0000 T    801 =   21.0000
 T    802 =   21.0000 T    803 =   21.0000 T    804 =   21.0000 T    805 =   21.0000 T    806 =   21.0000 T    907 =   21.0000
 T    808 =   21.0000 T    811 =   21.0000 T    812 =   21.0000 T    813 =   21.0000 T    814 =   21.0000 T    815 =   21.0000
 T    816 =   21.0000 T    817 =   21.0000 T    818 =   21.0000 T   2430 =   21.0000 T    601 =   21.0000 T   2101 =   21.0000
 T   3101 =   21.0000 T   4101 =   21.0000 T    921 =   21.0000 T   1950 =   21.0000 T   1951 =   21.0000 T    999 = -273.0000

 *WARN* GSUM IS ZERO, ACT NODE     555 IS UNCONNECTED AT TIME   0.0000    

 *WARN* GSUM IS ZERO, ACT NODE     565 IS UNCONNECTED AT TIME   0.0000    

 *WARN* GSUM IS ZERO, ACT NODE     907 IS UNCONNECTED AT TIME   0.0000    

 *WARN* GSUM IS ZERO, ACT NODE     921 IS UNCONNECTED AT TIME   0.0000    

 *****************
 TIME= 5.00000E-02, DTIMEU= 1.25000E-03, CSGMIN(    806)= 1.47591E-02, ATMPCC(    601)=-5.02930E-02, DTMPCC(    814)=-3.87634E-01
     LOOPCT=     3                                                   , ARLXCC(    601)=-7.20215E-03, DRLXCC(      0)= 0.00000E+00
 
 **** OUTPUT TEMPERATURES IN DEGREES   ****
 T    100 =    6.2387 T    101 =    6.8268 T    102 =    7.0019 T    103 =   20.9360 T    104 =   20.9575 T    105 =   19.5727
 T    106 =   20.0035 T    107 =   20.1328 T    108 =   20.0475 T    109 =   20.3844 T    110 =   20.2111 T    111 =   18.6766
 T    112 =   19.7423 T    113 =   20.2590 T    114 =   20.6889 T    115 =   12.0602 T    116 =   20.0724 T    117 =   20.2784
 T   1102 =   21.1172 T   1430 =   21.2507 T    600 =   20.9998 T   1101 =   20.1584 T    555 =   21.0000 T    565 =   21.0000
 T    900 =   19.7045 T    920 =   20.5583 T    922 =    8.0771 T    950 =   20.8069 T    951 =   20.8107 T    801 =   20.9535
 T    802 =   20.9465 T    803 =   18.8825 T    804 =    5.5469 T    805 =   20.9050 T    806 =   20.8869 T    907 =   21.0000
 T    808 =   -2.3546 T    811 =   20.9320 T    812 =   20.9544 T    813 =   18.9072 T    814 =    5.5613 T    815 =   20.8548
 T    816 =   20.8943 T    817 =   19.9836 T    818 =   -2.3454 T   2430 = -152.2350 T    601 =   17.9985 T   2101 =   18.9345
 T   3101 =   20.1076 T   4101 =   20.1614 T    921 =   21.0000 T   1950 = -111.7472 T   1951 = -111.7450 T    999 = -273.0000

 *****************
 TIME= 1.00000E-01, DTIMEU= 2.50000E-03, CSGMIN(    806)= 1.47899E-02, ATMPCC(    601)=-7.76062E-02, DTMPCC(    814)=-5.32257E-01
     LOOPCT=     4                                                   , ARLXCC(    601)=-5.15747E-03, DRLXCC(      0)= 0.00000E+00
 
 **** OUTPUT TEMPERATURES IN DEGREES   ****
 T    100 =    1.6272 T    101 =    2.6237 T    102 =    2.7779 T    103 =   20.7484 T    104 =   20.8267 T    105 =   18.2302
 T    106 =   19.0027 T    107 =   18.2458 T    108 =   18.8512 T    109 =   19.3319 T    110 =   18.8546 T    111 =   16.0941
 T    112 =   18.2271 T    113 =   19.0271 T    114 =   20.0604 T    115 =    8.5480 T    116 =   18.5072 T    117 =   19.0813
 T   1102 =   21.0988 T   1430 =   21.2298 T    600 =   20.9995 T   1101 =   19.3252 T    555 =   21.0000 T    565 =   21.0000
 T    900 =   18.4322 T    920 =   20.1194 T    922 =   -2.7800 T    950 =   20.5690 T    951 =   20.5792 T    801 =   20.6958
 T    802 =   20.6156 T    803 =   15.6082 T    804 =   -7.0034 T    805 =   20.5749 T    806 =   20.4113 T    907 =   21.0000
 T    808 =  -14.4701 T    811 =   20.5575 T    812 =   20.4653 T    813 =   14.6941 T    814 =   -7.1234 T    815 =   20.3772
 T    816 =   20.1592 T    817 =   16.7304 T    818 =  -14.5262 T   2430 = -152.2436 T    601 =   16.3171 T   2101 =   17.7808
1(C) COPYRIGHT 1982-1998 J.D.GASKI SINDA/G VERSION-1.80 NETWORK ANALYSIS ASSOCIATES, INC. - PAGE            2

      GLOBALSTAR                                            SIMPLIFIED S/C MODEL                                  50 NODES   
 T   3101 =   19.2597 T   4101 =   19.3281 T    921 =   21.0000 T   1950 = -111.8778 T   1951 = -111.8722 T    999 = -273.0000

 *****************
 TIME= 1.50000E-01, DTIMEU= 2.50000E-03, CSGMIN(    806)= 1.48282E-02, ATMPCC(    601)=-6.21948E-02, DTMPCC(    922)=-4.32770E-01
     LOOPCT=     3                                                   , ARLXCC(    601)=-8.88062E-03, DRLXCC(      0)= 0.00000E+00
 
 **** OUTPUT TEMPERATURES IN DEGREES   ****
 T    100 =   -0.2610 T    101 =    0.7348 T    102 =    0.8356 T    103 =   20.4570 T    104 =   20.6223 T    105 =   16.9245
 T    106 =   17.9944 T    107 =   16.0064 T    108 =   17.5960 T    109 =   18.2671 T    110 =   17.4634 T    111 =   14.1627
 T    112 =   17.0935 T    113 =   17.7932 T    114 =   19.3049 T    115 =    6.7220 T    116 =   16.9327 T    117 =   17.9102
 T   1102 =   20.9927 T   1430 =   21.0893 T    600 =   20.9989 T   1101 =   18.5012 T    555 =   21.0000 T    565 =   21.0000
 T    900 =   17.1793 T    920 =   19.6831 T    922 =  -12.0803 T    950 =   20.3046 T    951 =   20.3151 T    801 =   20.2058
 T    802 =   19.9208 T    803 =   12.5738 T    804 =  -15.7433 T    805 =   20.0503 T    806 =   19.5604 T    907 =   21.0000
 T    808 =  -22.8320 T    811 =   19.8414 T    812 =   19.3433 T    813 =   10.3014 T    814 =  -16.2333 T    815 =   19.6285
 T    816 =   18.7541 T    817 =   12.8663 T    818 =  -23.1479 T   2430 = -152.3013 T    601 =   14.9903 T   2101 =   16.9371
 T   3101 =   18.4381 T   4101 =   18.5070 T    921 =   21.0000 T   1950 = -112.0229 T   1951 = -112.0172 T    999 = -273.0000

 *****************
 TIME= 2.00000E-01, DTIMEU= 2.50000E-03, CSGMIN(    806)= 1.48726E-02, ATMPCC(    601)=-5.68237E-02, DTMPCC(    922)=-3.79837E-01
     LOOPCT=     3                                                   , ARLXCC(    601)=-8.11768E-03, DRLXCC(      0)= 0.00000E+00
 
 **** OUTPUT TEMPERATURES IN DEGREES   ****
 T    100 =   -1.3503 T    101 =   -0.5356 T    102 =   -0.4648 T    103 =   20.0831 T    104 =   20.3599 T    105 =   15.6491
 T    106 =   16.9863 T    107 =   13.7708 T    108 =   16.3402 T    109 =   17.2603 T    110 =   16.1331 T    111 =   12.5652
 T    112 =   16.1890 T    113 =   16.6308 T    114 =   18.4842 T    115 =    5.4408 T    116 =   15.4636 T    117 =   16.8428
 T   1102 =   20.8200 T   1430 =   20.8761 T    600 =   20.9983 T   1101 =   17.6864 T    555 =   21.0000 T    565 =   21.0000
 T    900 =   15.9444 T    920 =   19.2494 T    922 =  -20.1786 T    950 =   20.0137 T    951 =   20.0167 T    801 =   19.5260
 T    802 =   18.9467 T    803 =    9.8935 T    804 =  -22.1978 T    805 =   19.3665 T    806 =   18.4446 T    907 =   21.0000
 T    808 =  -28.9956 T    811 =   18.8419 T    812 =   17.7700 T    813 =    6.1780 T    814 =  -23.2533 T    815 =   18.6478
 T    816 =   16.9420 T    817 =    9.0391 T    818 =  -29.7599 T   2430 = -152.3889 T    601 =   13.8058 T   2101 =   16.2075
 T   3101 =   17.6266 T   4101 =   17.6922 T    921 =   21.0000 T   1950 = -112.1827 T   1951 = -112.1810 T    999 = -273.0000

 *****************
 TIME= 2.50000E-01, DTIMEU= 2.50000E-03, CSGMIN(    806)= 1.49145E-02, ATMPCC(    601)=-5.32227E-02, DTMPCC(    922)=-3.36349E-01
     LOOPCT=     3                                                   , ARLXCC(    601)=-7.59888E-03, DRLXCC(      0)= 0.00000E+00
 
 **** OUTPUT TEMPERATURES IN DEGREES   ****
 T    100 =   -2.1678 T    101 =   -1.5908 T    102 =   -1.5453 T    103 =   19.6415 T    104 =   20.0480 T    105 =   14.4053
 T    106 =   15.9843 T    107 =   11.6520 T    108 =   15.1048 T    109 =   16.3046 T    110 =   14.8665 T    111 =   11.1268
 T    112 =   15.3856 T    113 =   15.5352 T    114 =   17.6234 T    115 =    4.3594 T    116 =   14.1013 T    117 =   15.8701
 T   1102 =   20.5956 T   1430 =   20.6108 T    600 =   20.9975 T   1101 =   16.8809 T    555 =   21.0000 T    565 =   21.0000
 T    900 =   14.7274 T    920 =   18.8183 T    922 =  -27.3167 T    950 =   19.6981 T    951 =   19.6876 T    801 =   18.6983
 T    802 =   17.7866 T    803 =    7.4927 T    804 =  -27.1877 T    805 =   18.5578 T    806 =   17.1751 T    907 =   21.0000
 T    808 =  -33.7315 T    811 =   17.6230 T    812 =   15.9066 T    813 =    2.4030 T    814 =  -28.9220 T    815 =   17.4836
 T    816 =   14.8850 T    817 =    5.4240 T    818 =  -35.0691 T   2430 = -152.4979 T    601 =   12.7083 T   2101 =   15.5240
 T   3101 =   16.8267 T   4101 =   16.8866 T    921 =   21.0000 T   1950 = -112.3560 T   1951 = -112.3618 T    999 = -273.0000

 *****************
 TIME= 3.00000E-01, DTIMEU= 2.50000E-03, CSGMIN(    806)= 1.49580E-02, ATMPCC(    601)=-5.07202E-02, DTMPCC(    922)=-3.01483E-01
     LOOPCT=     3                                                   , ARLXCC(    601)=-7.23267E-03, DRLXCC(      0)= 0.00000E+00
 
 **** OUTPUT TEMPERATURES IN DEGREES   ****
 T    100 =   -2.8854 T    101 =   -2.5493 T    102 =   -2.5337 T    103 =   19.1457 T    104 =   19.6939 T    105 =   13.1966
 T    106 =   14.9937 T    107 =    9.6818 T    108 =   13.8962 T    109 =   15.3817 T    110 =   13.6497 T    111 =    9.7676
 T    112 =   14.6204 T    113 =   14.4883 T    114 =   16.7349 T    115 =    3.3565 T    116 =   12.8273 T    117 =   14.9647
 T   1102 =   20.3278 T   1430 =   20.3015 T    600 =   20.9966 T   1101 =   16.0843 T    555 =   21.0000 T    565 =   21.0000
1(C) COPYRIGHT 1982-1998 J.D.GASKI SINDA/G VERSION-1.80 NETWORK ANALYSIS ASSOCIATES, INC. - PAGE            3

      GLOBALSTAR                                            SIMPLIFIED S/C MODEL                                  50 NODES   
 T    900 =   13.5280 T    920 =   18.3896 T    922 =  -33.6787 T    950 =   19.3593 T    951 =   19.3308 T    801 =   17.7657
 T    802 =   16.5280 T    803 =    5.3567 T    804 =  -31.1781 T    805 =   17.6539 T    806 =   15.8294 T    907 =   21.0000
 T    808 =  -37.5131 T    811 =   16.2537 T    812 =   13.9043 T    813 =   -1.0437 T    814 =  -33.6686 T    815 =   16.1832
 T    816 =   12.7351 T    817 =    2.0602 T    818 =  -39.5095 T   2430 = -152.6250 T    601 =   11.6697 T   2101 =   14.8566
 T   3101 =   16.0355 T   4101 =   16.0900 T    921 =   21.0000 T   1950 = -112.5420 T   1951 = -112.5577 T    999 = -273.0000

 *****************
 TIME= 3.50000E-01, DTIMEU= 2.50000E-03, CSGMIN(    806)= 1.49972E-02, ATMPCC(    601)=-4.88892E-02, DTMPCC(    922)=-2.71835E-01
     LOOPCT=     3                                                   , ARLXCC(    601)=-6.98853E-03, DRLXCC(      0)= 0.00000E+00
 
 **** OUTPUT TEMPERATURES IN DEGREES   ****
 T    100 =   -3.5610 T    101 =   -3.4536 T    102 =   -3.4745 T    103 =   18.6043 T    104 =   19.3019 T    105 =   12.0235
 T    106 =   14.0166 T    107 =    7.8598 T    108 =   12.7186 T    109 =   14.4753 T    110 =   12.4709 T    111 =    8.4678
 T    112 =   13.8642 T    113 =   13.4758 T    114 =   15.8268 T    115 =    2.4040 T    116 =   11.6224 T    117 =   14.1057
 T   1102 =   20.0236 T   1430 =   19.9547 T    600 =   20.9956 T   1101 =   15.2967 T    555 =   21.0000 T    565 =   21.0000
 T    900 =   12.3466 T    920 =   17.9635 T    922 =  -39.3971 T    950 =   18.9997 T    951 =   18.9507 T    801 =   16.7611
 T    802 =   15.2191 T    803 =    3.4292 T    804 =  -34.4546 T    805 =   16.6841 T    806 =   14.4582 T    907 =   21.0000
 T    808 =  -40.6042 T    811 =   14.7874 T    812 =   11.8337 T    813 =   -4.2028 T    814 =  -37.7350 T    815 =   14.7942
 T    816 =   10.5508 T    817 =   -1.0684 T    818 =  -43.3041 T   2430 = -152.7674 T    601 =   10.6740 T   2101 =   14.1903
 T   3101 =   15.2534 T   4101 =   15.3022 T    921 =   21.0000 T   1950 = -112.7395 T   1951 = -112.7664 T    999 = -273.0000

 *****************
 TIME= 4.00000E-01, DTIMEU= 2.50000E-03, CSGMIN(    806)= 1.50367E-02, ATMPCC(    601)=-4.74243E-02, DTMPCC(    922)=-2.47360E-01
     LOOPCT=     3                                                   , ARLXCC(    601)=-6.77490E-03, DRLXCC(      0)= 0.00000E+00
 
 **** OUTPUT TEMPERATURES IN DEGREES   ****
 T    100 =   -4.2187 T    101 =   -4.3214 T    102 =   -4.3812 T    103 =   18.0258 T    104 =   18.8762 T    105 =   10.8863
 T    106 =   13.0546 T    107 =    6.1733 T    108 =   11.5716 T    109 =   13.5772 T    110 =   11.3227 T    111 =    7.2134
 T    112 =   13.1085 T    113 =   12.4881 T    114 =   14.9048 T    115 =    1.4805 T    116 =   10.4725 T    117 =   13.2755
 T   1102 =   19.6869 T   1430 =   19.5742 T    600 =   20.9946 T   1101 =   14.5176 T    555 =   21.0000 T    565 =   21.0000
 T    900 =   11.1831 T    920 =   17.5399 T    922 =  -44.5786 T    950 =   18.6204 T    951 =   18.5500 T    801 =   15.7130
 T    802 =   13.9014 T    803 =    1.6847 T    804 =  -37.2092 T    805 =   15.6710 T    806 =   13.0933 T    907 =   21.0000
 T    808 =  -43.1998 T    811 =   13.2689 T    812 =    9.7611 T    813 =   -7.1148 T    814 =  -41.3009 T    815 =   13.3528
 T    816 =    8.3922 T    817 =   -3.9784 T    818 =  -46.6317 T   2430 = -152.9237 T    601 =    9.7115 T   2101 =   13.5199
 T   3101 =   14.4788 T   4101 =   14.5231 T    921 =   21.0000 T   1950 = -112.9477 T   1951 = -112.9864 T    999 = -273.0000

 *****************
 TIME= 4.50000E-01, DTIMEU= 2.50000E-03, CSGMIN(    802)= 1.50707E-02, ATMPCC(    601)=-4.62036E-02, DTMPCC(    922)=-2.26013E-01
     LOOPCT=     3                                                   , ARLXCC(    601)=-6.59180E-03, DRLXCC(      0)= 0.00000E+00
 
 **** OUTPUT TEMPERATURES IN DEGREES   ****
 T    100 =   -4.8686 T    101 =   -5.1641 T    102 =   -5.2633 T    103 =   17.4156 T    104 =   18.4196 T    105 =    9.7834
 T    106 =   12.1080 T    107 =    4.6088 T    108 =   10.4559 T    109 =   12.6821 T    110 =   10.2006 T    111 =    6.0041
 T    112 =   12.3479 T    113 =   11.5191 T    114 =   13.9737 T    115 =    0.5879 T    116 =    9.3674 T    117 =   12.4652
 T   1102 =   19.3219 T   1430 =   19.1646 T    600 =   20.9934 T   1101 =   13.7471 T    555 =   21.0000 T    565 =   21.0000
 T    900 =   10.0374 T    920 =   17.1187 T    922 =  -49.3027 T    950 =   18.2239 T    951 =   18.1321 T    801 =   14.6415
 T    802 =   12.5925 T    803 =    0.0886 T    804 =  -39.5643 T    805 =   14.6339 T    806 =   11.7526 T    907 =   21.0000
 T    808 =  -45.4111 T    811 =   11.7291 T    812 =    7.7090 T    813 =   -9.8151 T    814 =  -44.4660 T    815 =   11.8886
 T    816 =    6.2749 T    817 =   -6.6985 T    818 =  -49.5822 T   2430 = -153.0919 T    601 =    8.7754 T   2101 =   12.8417
 T   3101 =   13.7126 T   4101 =   13.7526 T    921 =   21.0000 T   1950 = -113.1655 T   1951 = -113.2159 T    999 = -273.0000

 *****************
 TIME= 5.00000E-01, DTIMEU= 2.50000E-03, CSGMIN(    801)= 1.50996E-02, ATMPCC(    601)=-4.51355E-02, DTMPCC(    922)=-2.08023E-01
     LOOPCT=     3                                                   , ARLXCC(    601)=-6.43921E-03, DRLXCC(      0)= 0.00000E+00
 
 **** OUTPUT TEMPERATURES IN DEGREES   ****
1(C) COPYRIGHT 1982-1998 J.D.GASKI SINDA/G VERSION-1.80 NETWORK ANALYSIS ASSOCIATES, INC. - PAGE            4

      GLOBALSTAR                                            SIMPLIFIED S/C MODEL                                  50 NODES   
 T    100 =   -5.5157 T    101 =   -5.9860 T    102 =   -6.1221 T    103 =   16.7790 T    104 =   17.9352 T    105 =    8.7133
 T    106 =   11.1768 T    107 =    3.1502 T    108 =    9.3699 T    109 =   11.7889 T    110 =    9.1032 T    111 =    4.8345
 T    112 =   11.5841 T    113 =   10.5658 T    114 =   13.0374 T    115 =   -0.2839 T    116 =    8.2996 T    117 =   11.6663
 T   1102 =   18.9306 T   1430 =   18.7283 T    600 =   20.9922 T   1101 =   12.9848 T    555 =   21.0000 T    565 =   21.0000
 T    900 =    8.9095 T    920 =   16.7000 T    922 =  -53.6362 T    950 =   17.8110 T    951 =   17.6992 T    801 =   13.5623
 T    802 =   11.3095 T    803 =   -1.3799 T    804 =  -41.6152 T    805 =   13.5865 T    806 =   10.4470 T    907 =   21.0000
 T    808 =  -47.3349 T    811 =   10.1911 T    812 =    5.7054 T    813 =  -12.3316 T    814 =  -47.3235 T    815 =   10.4220
 T    816 =    4.2216 T    817 =   -9.2454 T    818 =  -52.2472 T   2430 = -153.2711 T    601 =    7.8618 T   2101 =   12.1561
 T   3101 =   12.9534 T   4101 =   12.9902 T    921 =   21.0000 T   1950 = -113.3922 T   1951 = -113.4536 T    999 = -273.0000

 *****************
 TIME= 5.50000E-01, DTIMEU= 2.50000E-03, CSGMIN(    802)= 1.51279E-02, ATMPCC(    601)=-4.42200E-02, DTMPCC(    922)=-1.92062E-01
     LOOPCT=     3                                                   , ARLXCC(    601)=-6.31714E-03, DRLXCC(      0)= 0.00000E+00
 
 **** OUTPUT TEMPERATURES IN DEGREES   ****
 T    100 =   -6.1623 T    101 =   -6.7919 T    102 =   -6.9622 T    103 =   16.1199 T    104 =   17.4252 T    105 =    7.6738
 T    106 =   10.2607 T    107 =    1.7854 T    108 =    8.3130 T    109 =   10.8971 T    110 =    8.0288 T    111 =    3.7045
 T    112 =   10.8162 T    113 =    9.6264 T    114 =   12.0993 T    115 =   -1.1309 T    116 =    7.2643 T    117 =   10.8763
 T   1102 =   18.5159 T   1430 =   18.2689 T    600 =   20.9909 T   1101 =   12.2307 T    555 =   21.0000 T    565 =   21.0000
 T    900 =    7.7993 T    920 =   16.2835 T    922 =  -57.6303 T    950 =   17.3839 T    951 =   17.2538 T    801 =   12.4860
 T    802 =   10.0574 T    803 =   -2.7413 T    804 =  -43.4211 T    805 =   12.5392 T    806 =    9.1812 T    907 =   21.0000
 T    808 =  -49.0244 T    811 =    8.6700 T    812 =    3.7546 T    813 =  -14.6884 T    814 =  -49.9194 T    815 =    8.9676
 T    816 =    2.2338 T    817 =  -11.6420 T    818 =  -54.6676 T   2430 = -153.4599 T    601 =    6.9678 T   2101 =   11.4625
 T   3101 =   12.2023 T   4101 =   12.2361 T    921 =   21.0000 T   1950 = -113.6267 T   1951 = -113.6982 T    999 = -273.0000

 *****************
 TIME= 6.00000E-01, DTIMEU= 2.50000E-03, CSGMIN(    801)= 1.51556E-02, ATMPCC(    601)=-4.33655E-02, DTMPCC(    922)=-1.78360E-01
     LOOPCT=     3                                                   , ARLXCC(    601)=-6.16455E-03, DRLXCC(      0)= 0.00000E+00
 
 **** OUTPUT TEMPERATURES IN DEGREES   ****
 T    100 =   -6.8088 T    101 =   -7.5826 T    102 =   -7.7830 T    103 =   15.4422 T    104 =   16.8925 T    105 =    6.6632
 T    106 =    9.3593 T    107 =    0.5015 T    108 =    7.2831 T    109 =   10.0082 T    110 =    6.9774 T    111 =    2.6106
 T    112 =   10.0470 T    113 =    8.7003 T    114 =   11.1621 T    115 =   -1.9606 T    116 =    6.2573 T    117 =   10.0913
 T   1102 =   18.0792 T   1430 =   17.7885 T    600 =   20.9895 T   1101 =   11.4845 T    555 =   21.0000 T    565 =   21.0000
 T    900 =    6.7065 T    920 =   15.8695 T    922 =  -61.3295 T    950 =   16.9434 T    951 =   16.7974 T    801 =   11.4200
 T    802 =    8.8422 T    803 =   -4.0116 T    804 =  -45.0360 T    805 =   11.4993 T    806 =    7.9577 T    907 =   21.0000
 T    808 =  -50.5338 T    811 =    7.1762 T    812 =    1.8682 T    813 =  -16.9040 T    814 =  -52.3090 T    815 =    7.5356
 T    816 =    0.3191 T    817 =  -13.9005 T    818 =  -56.8973 T   2430 = -153.6572 T    601 =    6.0917 T   2101 =   10.7626
 T   3101 =   11.4578 T   4101 =   11.4898 T    921 =   21.0000 T   1950 = -113.8686 T   1951 = -113.9488 T    999 = -273.0000

 *****************
 TIME= 6.50000E-01, DTIMEU= 2.50000E-03, CSGMIN(    802)= 1.51825E-02, ATMPCC(    601)=-4.25720E-02, DTMPCC(    922)=-1.66000E-01
     LOOPCT=     3                                                   , ARLXCC(    601)=-6.07300E-03, DRLXCC(      0)= 0.00000E+00
 
 **** OUTPUT TEMPERATURES IN DEGREES   ****
 T    100 =   -7.4556 T    101 =   -8.3605 T    102 =   -8.5880 T    103 =   14.7488 T    104 =   16.3388 T    105 =    5.6792
 T    106 =    8.4719 T    107 =   -0.7107 T    108 =    6.2795 T    109 =    9.1229 T    110 =    5.9480 T    111 =    1.5514
 T    112 =    9.2765 T    113 =    7.7870 T    114 =   10.2282 T    115 =   -2.7694 T    116 =    5.2761 T    117 =    9.3117
 T   1102 =   17.6227 T   1430 =   17.2898 T    600 =   20.9880 T   1101 =   10.7462 T    555 =   21.0000 T    565 =   21.0000
 T    900 =    5.6310 T    920 =   15.4578 T    922 =  -64.7681 T    950 =   16.4912 T    951 =   16.3318 T    801 =   10.3693
 T    802 =    7.6638 T    803 =   -5.2030 T    804 =  -46.4904 T    805 =   10.4715 T    806 =    6.7761 T    907 =   21.0000
 T    808 =  -51.8903 T    811 =    5.7160 T    812 =    0.0441 T    813 =  -18.9947 T    814 =  -54.5148 T    815 =    6.1322
 T    816 =   -1.5255 T    817 =  -16.0380 T    818 =  -58.9559 T   2430 = -153.8620 T    601 =    5.2319 T   2101 =   10.0568
 T   3101 =   10.7212 T   4101 =   10.7514 T    921 =   21.0000 T   1950 = -114.1169 T   1951 = -114.2044 T    999 = -273.0000
1(C) COPYRIGHT 1982-1998 J.D.GASKI SINDA/G VERSION-1.80 NETWORK ANALYSIS ASSOCIATES, INC. - PAGE            5

      GLOBALSTAR                                            SIMPLIFIED S/C MODEL                                  50 NODES   

 *****************
 TIME= 7.00000E-01, DTIMEU= 2.50000E-03, CSGMIN(    801)= 1.52086E-02, ATMPCC(    601)=-4.18091E-02, DTMPCC(    922)=-1.55273E-01
     LOOPCT=     3                                                   , ARLXCC(    601)=-5.95093E-03, DRLXCC(      0)= 0.00000E+00
 
 **** OUTPUT TEMPERATURES IN DEGREES   ****
 T    100 =   -8.1020 T    101 =   -9.1252 T    102 =   -9.3760 T    103 =   14.0423 T    104 =   15.7664 T    105 =    4.7200
 T    106 =    7.5981 T    107 =   -1.8608 T    108 =    5.3001 T    109 =    8.2430 T    110 =    4.9409 T    111 =    0.5245
 T    112 =    8.5068 T    113 =    6.8867 T    114 =    9.2994 T    115 =   -3.5636 T    116 =    4.3183 T    117 =    8.5356
 T   1102 =   17.1478 T   1430 =   16.7747 T    600 =   20.9865 T   1101 =   10.0154 T    555 =   21.0000 T    565 =   21.0000
 T    900 =    4.5724 T    920 =   15.0484 T    922 =  -67.9772 T    950 =   16.0282 T    951 =   15.8583 T    801 =    9.3368
 T    802 =    6.5236 T    803 =   -6.3275 T    804 =  -47.8180 T    805 =    9.4592 T    806 =    5.6358 T    907 =   21.0000
 T    808 =  -53.1277 T    811 =    4.2934 T    812 =   -1.7133 T    813 =  -20.9728 T    814 =  -56.5730 T    815 =    4.7616
 T    816 =   -3.2983 T    817 =  -18.0630 T    818 =  -60.8784 T   2430 = -154.0736 T    601 =    4.3878 T   2101 =    9.3468
 T   3101 =    9.9909 T   4101 =   10.0206 T    921 =   21.0000 T   1950 = -114.3712 T   1951 = -114.4644 T    999 = -273.0000

 *****************
 TIME= 7.49999E-01, DTIMEU= 2.50000E-03, CSGMIN(    802)= 1.52340E-02, ATMPCC(    601)=-4.10767E-02, DTMPCC(    922)=-1.45477E-01
     LOOPCT=     3                                                   , ARLXCC(    601)=-5.85938E-03, DRLXCC(      0)= 0.00000E+00
 
 **** OUTPUT TEMPERATURES IN DEGREES   ****
 T    100 =   -8.7476 T    101 =   -9.8785 T    102 =  -10.1500 T    103 =   13.3252 T    104 =   15.1769 T    105 =    3.7839
 T    106 =    6.7372 T    107 =   -2.9554 T    108 =    4.3440 T    109 =    7.3692 T    110 =    3.9550 T    111 =   -0.4721
 T    112 =    7.7384 T    113 =    5.9989 T    114 =    8.3775 T    115 =   -4.3395 T    116 =    3.3824 T    117 =    7.7642
 T   1102 =   16.6563 T   1430 =   16.2455 T    600 =   20.9850 T   1101 =    9.2922 T    555 =   21.0000 T    565 =   21.0000
 T    900 =    3.5306 T    920 =   14.6414 T    922 =  -70.9810 T    950 =   15.5556 T    951 =   15.3781 T    801 =    8.3243
 T    802 =    5.4196 T    803 =   -7.3922 T    804 =  -49.0349 T    805 =    8.4643 T    806 =    4.5347 T    907 =   21.0000
 T    808 =  -54.2601 T    811 =    2.9103 T    812 =   -3.4085 T    813 =  -22.8504 T    814 =  -58.4946 T    815 =    3.4258
 T    816 =   -5.0039 T    817 =  -19.9886 T    818 =  -62.6741 T   2430 = -154.2910 T    601 =    3.5583 T   2101 =    8.6332
 T   3101 =    9.2685 T   4101 =    9.2974 T    921 =   21.0000 T   1950 = -114.6306 T   1951 = -114.7281 T    999 = -273.0000

 *****************
 TIME= 7.99999E-01, DTIMEU= 2.50000E-03, CSGMIN(    801)= 1.52585E-02, ATMPCC(    601)=-4.04053E-02, DTMPCC(    922)=-1.36887E-01
     LOOPCT=     3                                                   , ARLXCC(    601)=-5.76782E-03, DRLXCC(      0)= 0.00000E+00
 
 **** OUTPUT TEMPERATURES IN DEGREES   ****
 T    100 =   -9.3919 T    101 =  -10.6198 T    102 =  -10.9087 T    103 =   12.5993 T    104 =   14.5723 T    105 =    2.8693
 T    106 =    5.8891 T    107 =   -4.0014 T    108 =    3.4096 T    109 =    6.5030 T    110 =    2.9904 T    111 =   -1.4403
 T    112 =    6.9726 T    113 =    5.1241 T    114 =    7.4637 T    115 =   -5.1028 T    116 =    2.4669 T    117 =    6.9962
 T   1102 =   16.1491 T   1430 =   15.7034 T    600 =   20.9832 T   1101 =    8.5762 T    555 =   21.0000 T    565 =   21.0000
 T    900 =    2.5050 T    920 =   14.2365 T    922 =  -73.8019 T    950 =   15.0743 T    951 =   14.8922 T    801 =    7.3329
 T    802 =    4.3512 T    803 =   -8.4064 T    804 =  -50.1640 T    805 =    7.4880 T    806 =    3.4710 T    907 =   21.0000
 T    808 =  -55.3103 T    811 =    1.5672 T    812 =   -5.0405 T    813 =  -24.6357 T    814 =  -60.3052 T    815 =    2.1259
 T    816 =   -6.6432 T    817 =  -21.8207 T    818 =  -64.3677 T   2430 = -154.5137 T    601 =    2.7430 T   2101 =    7.9175
 T   3101 =    8.5522 T   4101 =    8.5813 T    921 =   21.0000 T   1950 = -114.8949 T   1951 = -114.9949 T    999 = -273.0000

 *****************
 TIME= 8.49999E-01, DTIMEU= 2.50000E-03, CSGMIN(    802)= 1.52823E-02, ATMPCC(    601)=-3.97339E-02, DTMPCC(    922)=-1.28952E-01
     LOOPCT=     3                                                   , ARLXCC(    601)=-5.67627E-03, DRLXCC(      0)= 0.00000E+00
 
 **** OUTPUT TEMPERATURES IN DEGREES   ****
 T    100 =  -10.0343 T    101 =  -11.3503 T    102 =  -11.6547 T    103 =   11.8666 T    104 =   13.9541 T    105 =    1.9749
 T    106 =    5.0530 T    107 =   -5.0036 T    108 =    2.4957 T    109 =    5.6447 T    110 =    2.0460 T    111 =   -2.3818
 T    112 =    6.2097 T    113 =    4.2617 T    114 =    6.5590 T    115 =   -5.8503 T    116 =    1.5706 T    117 =    6.2331
 T   1102 =   15.6280 T   1430 =   15.1505 T    600 =   20.9814 T   1101 =    7.8676 T    555 =   21.0000 T    565 =   21.0000
 T    900 =    1.4956 T    920 =   13.8339 T    922 =  -76.4575 T    950 =   14.5854 T    951 =   14.4016 T    801 =    6.3627
1(C) COPYRIGHT 1982-1998 J.D.GASKI SINDA/G VERSION-1.80 NETWORK ANALYSIS ASSOCIATES, INC. - PAGE            6

      GLOBALSTAR                                            SIMPLIFIED S/C MODEL                                  50 NODES   
 T    802 =    3.3162 T    803 =   -9.3742 T    804 =  -51.2137 T    805 =    6.5308 T    806 =    2.4421 T    907 =   21.0000
 T    808 =  -56.2854 T    811 =    0.2640 T    812 =   -6.6137 T    813 =  -26.3378 T    814 =  -62.0097 T    815 =    0.8618
 T    816 =   -8.2205 T    817 =  -23.5696 T    818 =  -65.9630 T   2430 = -154.7408 T    601 =    1.9414 T   2101 =    7.2002
 T   3101 =    7.8433 T   4101 =    7.8726 T    921 =   21.0000 T   1950 = -115.1633 T   1951 = -115.2643 T    999 = -273.0000

 *****************
 TIME= 8.99999E-01, DTIMEU= 2.50000E-03, CSGMIN(    801)= 1.53054E-02, ATMPCC(    601)=-3.90625E-02, DTMPCC(    922)=-1.21948E-01
     LOOPCT=     3                                                   , ARLXCC(    601)=-5.55420E-03, DRLXCC(      0)= 0.00000E+00
 
 **** OUTPUT TEMPERATURES IN DEGREES   ****
 T    100 =  -10.6743 T    101 =  -12.0693 T    102 =  -12.3866 T    103 =   11.1286 T    104 =   13.3239 T    105 =    1.0993
 T    106 =    4.2287 T    107 =   -5.9673 T    108 =    1.6012 T    109 =    4.7952 T    110 =    1.1216 T    111 =   -3.2985
 T    112 =    5.4507 T    113 =    3.4121 T    114 =    5.6642 T    115 =   -6.5865 T    116 =    0.6922 T    117 =    5.4741
 T   1102 =   15.0939 T   1430 =   14.5880 T    600 =   20.9796 T   1101 =    7.1658 T    555 =   21.0000 T    565 =   21.0000
 T    900 =    0.5019 T    920 =   13.4335 T    922 =  -78.9645 T    950 =   14.0896 T    951 =   13.9069 T    801 =    5.4135
 T    802 =    2.3129 T    803 =  -10.3031 T    804 =  -52.2004 T    805 =    5.5927 T    806 =    1.4462 T    907 =   21.0000
 T    808 =  -57.2016 T    811 =   -1.0001 T    812 =   -8.1290 T    813 =  -27.9628 T    814 =  -63.6273 T    815 =   -0.3665
 T    816 =   -9.7379 T    817 =  -25.2396 T    818 =  -67.4783 T   2430 = -154.9718 T    601 =    1.1528 T   2101 =    6.4825
 T   3101 =    7.1405 T   4101 =    7.1708 T    921 =   21.0000 T   1950 = -115.4356 T   1951 = -115.5359 T    999 = -273.0000

 *****************
 TIME= 9.49999E-01, DTIMEU= 2.50000E-03, CSGMIN(    802)= 1.53278E-02, ATMPCC(    601)=-3.84827E-02, DTMPCC(    922)=-1.15433E-01
     LOOPCT=     3                                                   , ARLXCC(    601)=-5.49316E-03, DRLXCC(      0)= 0.00000E+00
 
 **** OUTPUT TEMPERATURES IN DEGREES   ****
 T    100 =  -11.3115 T    101 =  -12.7783 T    102 =  -13.1070 T    103 =   10.3869 T    104 =   12.6831 T    105 =    0.2415
 T    106 =    3.4156 T    107 =   -6.8959 T    108 =    0.7250 T    109 =    3.9549 T    110 =    0.2161 T    111 =   -4.1919
 T    112 =    4.6960 T    113 =    2.5746 T    114 =    4.7800 T    115 =   -7.3086 T    116 =   -0.1688 T    117 =    4.7204
 T   1102 =   14.5483 T   1430 =   14.0173 T    600 =   20.9778 T   1101 =    6.4711 T    555 =   21.0000 T    565 =   21.0000
 T    900 =   -0.4765 T    920 =   13.0353 T    922 =  -81.3359 T    950 =   13.5876 T    951 =   13.4089 T    801 =    4.4850
 T    802 =    1.3393 T    803 =  -11.1951 T    804 =  -53.1280 T    805 =    4.6734 T    806 =    0.4807 T    907 =   21.0000
 T    808 =  -58.0623 T    811 =   -2.2261 T    812 =   -9.5906 T    813 =  -29.5178 T    814 =  -65.1596 T    815 =   -1.5604
 T    816 =  -11.1994 T    817 =  -26.8390 T    818 =  -68.9149 T   2430 = -155.2063 T    601 =    0.3769 T   2101 =    5.7649
 T   3101 =    6.4451 T   4101 =    6.4760 T    921 =   21.0000 T   1950 = -115.7113 T   1951 = -115.8094 T    999 = -273.0000

 *****************
 TIME= 9.99999E-01, DTIMEU= 2.50000E-03, CSGMIN(    801)= 1.53496E-02, ATMPCC(    601)=-3.78418E-02, DTMPCC(    922)=-1.09604E-01
     LOOPCT=     3                                                   , ARLXCC(    601)=-5.40161E-03, DRLXCC(      0)= 0.00000E+00
 
 **** OUTPUT TEMPERATURES IN DEGREES   ****
 T    100 =  -11.9455 T    101 =  -13.4765 T    102 =  -13.8145 T    103 =    9.6425 T    104 =   12.0330 T    105 =   -0.5998
 T    106 =    2.6134 T    107 =   -7.7934 T    108 =   -0.1340 T    109 =    3.1241 T    110 =   -0.6709 T    111 =   -5.0632
 T    112 =    3.9456 T    113 =    1.7496 T    114 =    3.9067 T    115 =   -8.0206 T    116 =   -1.0136 T    117 =    3.9711
 T   1102 =   13.9920 T   1430 =   13.4394 T    600 =   20.9759 T   1101 =    5.7830 T    555 =   21.0000 T    565 =   21.0000
 T    900 =   -1.4398 T    920 =   12.6392 T    922 =  -83.5845 T    950 =   13.0802 T    951 =   12.9081 T    801 =    3.5764
 T    802 =    0.3934 T    803 =  -12.0564 T    804 =  -54.0090 T    805 =    3.7728 T    806 =   -0.4563 T    907 =   21.0000
 T    808 =  -58.8795 T    811 =   -3.4155 T    812 =  -11.0000 T    813 =  -31.0072 T    814 =  -66.6219 T    815 =   -2.7204
 T    816 =  -12.6075 T    817 =  -28.3709 T    818 =  -70.2870 T   2430 = -155.4436 T    601 =   -0.3869 T   2101 =    5.0484
 T   3101 =    5.7554 T   4101 =    5.7879 T    921 =   21.0000 T   1950 = -115.9899 T   1951 = -116.0844 T    999 = -273.0000

 *****************
 TIME= 1.05000E+00, DTIMEU= 2.50000E-03, CSGMIN(    802)= 1.53707E-02, ATMPCC(    601)=-3.72620E-02, DTMPCC(    922)=-1.04156E-01
     LOOPCT=     3                                                   , ARLXCC(    601)=-5.31006E-03, DRLXCC(      0)= 0.00000E+00
 
 **** OUTPUT TEMPERATURES IN DEGREES   ****
 T    100 =  -12.5759 T    101 =  -14.1650 T    102 =  -14.5114 T    103 =    8.8967 T    104 =   11.3748 T    105 =   -1.4254
1(C) COPYRIGHT 1982-1998 J.D.GASKI SINDA/G VERSION-1.80 NETWORK ANALYSIS ASSOCIATES, INC. - PAGE            7

      GLOBALSTAR                                            SIMPLIFIED S/C MODEL                                  50 NODES   
 T    106 =    1.8219 T    107 =   -8.6620 T    108 =   -0.9764 T    109 =    2.3030 T    110 =   -1.5404 T    111 =   -5.9141
 T    112 =    3.2004 T    113 =    0.9364 T    114 =    3.0448 T    115 =   -8.7201 T    116 =   -1.8428 T    117 =    3.2278
 T   1102 =   13.4264 T   1430 =   12.8556 T    600 =   20.9738 T   1101 =    5.1017 T    555 =   21.0000 T    565 =   21.0000
 T    900 =   -2.3884 T    920 =   12.2454 T    922 =  -85.7204 T    950 =   12.5681 T    951 =   12.4053 T    801 =    2.6870
 T    802 =   -0.5262 T    803 =  -12.8876 T    804 =  -54.8447 T    805 =    2.8899 T    806 =   -1.3669 T    907 =   21.0000
 T    808 =  -59.6543 T    811 =   -4.5698 T    812 =  -12.3610 T    813 =  -32.4368 T    814 =  -68.0139 T    815 =   -3.8484
 T    816 =  -13.9654 T    817 =  -29.8422 T    818 =  -71.5941 T   2430 = -155.6834 T    601 =   -1.1388 T   2101 =    4.3331
 T   3101 =    5.0728 T   4101 =    5.1066 T    921 =   21.0000 T   1950 = -116.2711 T   1951 = -116.3605 T    999 = -273.0000

 *****************
 TIME= 1.10000E+00, DTIMEU= 2.50000E-03, CSGMIN(    801)= 1.53913E-02, ATMPCC(    601)=-3.72925E-02, DTMPCC(    922)=-9.92737E-02
     LOOPCT=     3                                                   , ARLXCC(    601)=-5.34058E-03, DRLXCC(      0)= 0.00000E+00
 
 **** OUTPUT TEMPERATURES IN DEGREES   ****
 T    100 =  -13.2025 T    101 =  -14.8432 T    102 =  -15.1962 T    103 =    8.1502 T    104 =   10.7098 T    105 =   -2.2361
 T    106 =    1.0406 T    107 =   -9.5051 T    108 =   -1.8033 T    109 =    1.4917 T    110 =   -2.3927 T    111 =   -6.7455
 T    112 =    2.4602 T    113 =    0.1350 T    114 =    2.1943 T    115 =   -9.4102 T    116 =   -2.6572 T    117 =    2.4894
 T   1102 =   12.8522 T   1430 =   12.2666 T    600 =   20.9717 T   1101 =    4.4269 T    555 =   21.0000 T    565 =   21.0000
 T    900 =   -3.3225 T    920 =   11.8536 T    922 =  -87.7533 T    950 =   12.0518 T    951 =   11.9006 T    801 =    1.8161
 T    802 =   -1.4217 T    803 =  -13.6942 T    804 =  -55.6451 T    805 =    2.0244 T    806 =   -2.2527 T    907 =   21.0000
 T    808 =  -60.3961 T    811 =   -5.6905 T    812 =  -13.6752 T    813 =  -33.8100 T    814 =  -69.3479 T    815 =   -4.9451
 T    816 =  -15.2759 T    817 =  -31.2552 T    818 =  -72.8478 T   2430 = -155.9254 T    601 =   -1.8793 T   2101 =    3.6200
 T   3101 =    4.3961 T   4101 =    4.4318 T    921 =   21.0000 T   1950 = -116.5546 T   1951 = -116.6376 T    999 = -273.0000

 *****************
 TIME= 1.15000E+00, DTIMEU= 2.50000E-03, CSGMIN(    802)= 1.54113E-02, ATMPCC(    601)=-3.67126E-02, DTMPCC(    922)=-9.46655E-02
     LOOPCT=     3                                                   , ARLXCC(   2101)=-5.24902E-03, DRLXCC(      0)= 0.00000E+00
 
 **** OUTPUT TEMPERATURES IN DEGREES   ****
 T    100 =  -13.8252 T    101 =  -15.5125 T    102 =  -15.8713 T    103 =    7.4041 T    104 =   10.0389 T    105 =   -3.0327
 T    106 =    0.2692 T    107 =  -10.3242 T    108 =   -2.6154 T    109 =    0.6903 T    110 =   -3.2291 T    111 =   -7.5588
 T    112 =    1.7255 T    113 =   -0.6551 T    114 =    1.3555 T    115 =  -10.0889 T    116 =   -3.4574 T    117 =    1.7570
 T   1102 =   12.2706 T   1430 =   11.6736 T    600 =   20.9696 T   1101 =    3.7587 T    555 =   21.0000 T    565 =   21.0000
 T    900 =   -4.2426 T    920 =   11.4639 T    922 =  -89.6911 T    950 =   11.5319 T    951 =   11.3948 T    801 =    0.9630
 T    802 =   -2.2942 T    803 =  -14.4759 T    804 =  -56.4100 T    805 =    1.1756 T    806 =   -3.1157 T    907 =   21.0000
 T    808 =  -61.1049 T    811 =   -6.7791 T    812 =  -14.9460 T    813 =  -35.1315 T    814 =  -70.6227 T    815 =   -6.0124
 T    816 =  -16.5416 T    817 =  -32.6157 T    818 =  -74.0468 T   2430 = -156.1689 T    601 =   -2.6088 T   2101 =    2.9091
 T   3101 =    3.7262 T   4101 =    3.7635 T    921 =   21.0000 T   1950 = -116.8401 T   1951 = -116.9153 T    999 = -273.0000

 *****************
 TIME= 1.20000E+00, DTIMEU= 2.50000E-03, CSGMIN(    801)= 1.54308E-02, ATMPCC(    601)=-3.61633E-02, DTMPCC(    922)=-9.04999E-02
     LOOPCT=     3                                                   , ARLXCC(   2101)=-5.31006E-03, DRLXCC(      0)= 0.00000E+00
 
 **** OUTPUT TEMPERATURES IN DEGREES   ****
 T    100 =  -14.4438 T    101 =  -16.1721 T    102 =  -16.5353 T    103 =    6.6590 T    104 =    9.3632 T    105 =   -3.8159
 T    106 =   -0.4926 T    107 =  -11.1219 T    108 =   -3.4134 T    109 =   -0.1016 T    110 =   -4.0497 T    111 =   -8.3547
 T    112 =    0.9958 T    113 =   -1.4341 T    114 =    0.5283 T    115 =  -10.7592 T    116 =   -4.2440 T    117 =    1.0298
 T   1102 =   11.6822 T   1430 =   11.0772 T    600 =   20.9674 T   1101 =    3.0966 T    555 =   21.0000 T    565 =   21.0000
 T    900 =   -5.1491 T    920 =   11.0764 T    922 =  -91.5416 T    950 =   11.0088 T    951 =   10.8878 T    801 =    0.1266
 T    802 =   -3.1457 T    803 =  -15.2373 T    804 =  -57.1474 T    805 =    0.3427 T    806 =   -3.9572 T    907 =   21.0000
 T    808 =  -61.7881 T    811 =   -7.8373 T    812 =  -16.1751 T    813 =  -36.4039 T    814 =  -71.8487 T    815 =   -7.0511
 T    816 =  -17.7653 T    817 =  -33.9253 T    818 =  -75.2008 T   2430 = -156.4139 T    601 =   -3.3277 T   2101 =    2.2010
 T   3101 =    3.0617 T   4101 =    3.1013 T    921 =   21.0000 T   1950 = -117.1273 T   1951 = -117.1937 T    999 = -273.0000
1(C) COPYRIGHT 1982-1998 J.D.GASKI SINDA/G VERSION-1.80 NETWORK ANALYSIS ASSOCIATES, INC. - PAGE            8

      GLOBALSTAR                                            SIMPLIFIED S/C MODEL                                  50 NODES   

 *****************
 TIME= 1.25000E+00, DTIMEU= 2.50000E-03, CSGMIN(    802)= 1.54498E-02, ATMPCC(   2101)=-3.58887E-02, DTMPCC(    922)=-8.65631E-02
     LOOPCT=     3                                                   , ARLXCC(   2101)=-5.21851E-03, DRLXCC(      0)= 0.00000E+00
 
 **** OUTPUT TEMPERATURES IN DEGREES   ****
 T    100 =  -15.0581 T    101 =  -16.8233 T    102 =  -17.1901 T    103 =    5.9156 T    104 =    8.6835 T    105 =   -4.5863
 T    106 =   -1.2449 T    107 =  -11.8993 T    108 =   -4.1978 T    109 =   -0.8837 T    110 =   -4.8556 T    111 =   -9.1345
 T    112 =    0.2720 T    113 =   -2.2023 T    114 =   -0.2874 T    115 =  -11.4189 T    116 =   -5.0176 T    117 =    0.3087
 T   1102 =   11.0880 T   1430 =   10.4783 T    600 =   20.9651 T   1101 =    2.4408 T    555 =   21.0000 T    565 =   21.0000
 T    900 =   -6.0422 T    920 =   10.6909 T    922 =  -93.3110 T    950 =   10.4831 T    951 =   10.3804 T    801 =   -0.6937
 T    802 =   -3.9769 T    803 =  -15.9777 T    804 =  -57.8561 T    805 =   -0.4750 T    806 =   -4.7787 T    907 =   21.0000
 T    808 =  -62.4448 T    811 =   -8.8665 T    812 =  -17.3652 T    813 =  -37.6312 T    814 =  -73.0240 T    815 =   -8.0630
 T    816 =  -18.9491 T    817 =  -35.1890 T    818 =  -76.3080 T   2430 = -156.6599 T    601 =   -4.0363 T   2101 =    1.4959
 T   3101 =    2.4040 T   4101 =    2.4455 T    921 =   21.0000 T   1950 = -117.4160 T   1951 = -117.4723 T    999 = -273.0000

 *****************
 TIME= 1.30000E+00, DTIMEU= 2.50000E-03, CSGMIN(    801)= 1.54684E-02, ATMPCC(   2101)=-3.54004E-02, DTMPCC(    922)=-8.30078E-02
     LOOPCT=     3                                                   , ARLXCC(   2101)=-5.24902E-03, DRLXCC(      0)= 0.00000E+00
 
 **** OUTPUT TEMPERATURES IN DEGREES   ****
 T    100 =  -15.6682 T    101 =  -17.4654 T    102 =  -17.8347 T    103 =    5.1744 T    104 =    8.0005 T    105 =   -5.3447
 T    106 =   -1.9881 T    107 =  -12.6584 T    108 =   -4.9692 T    109 =   -1.6566 T    110 =   -5.6471 T    111 =   -9.8987
 T    112 =   -0.4467 T    113 =   -2.9601 T    114 =   -1.0916 T    115 =  -12.0707 T    116 =   -5.7788 T    117 =   -0.4070
 T   1102 =   10.4885 T   1430 =    9.8774 T    600 =   20.9629 T   1101 =    1.7910 T    555 =   21.0000 T    565 =   21.0000
 T    900 =   -6.9221 T    920 =   10.3074 T    922 =  -95.0057 T    950 =    9.9551 T    951 =    9.8727 T    801 =   -1.4987
 T    802 =   -4.7896 T    803 =  -16.7012 T    804 =  -58.5432 T    805 =   -1.2780 T    806 =   -5.5816 T    907 =   21.0000
 T    808 =  -63.0813 T    811 =   -9.8683 T    812 =  -18.5183 T    813 =  -38.8156 T    814 =  -74.1575 T    815 =   -9.0490
 T    816 =  -20.0955 T    817 =  -36.4081 T    818 =  -77.3765 T   2430 = -156.9067 T    601 =   -4.7349 T   2101 =    0.7943
 T   3101 =    1.7515 T   4101 =    1.7957 T    921 =   21.0000 T   1950 = -117.7059 T   1951 = -117.7511 T    999 = -273.0000

 *****************
 TIME= 1.35000E+00, DTIMEU= 2.50000E-03, CSGMIN(    802)= 1.54865E-02, ATMPCC(   2101)=-3.55530E-02, DTMPCC(    922)=-7.95898E-02
     LOOPCT=     3                                                   , ARLXCC(   2101)=-5.15747E-03, DRLXCC(      0)= 0.00000E+00
 
 **** OUTPUT TEMPERATURES IN DEGREES   ****
 T    100 =  -16.2737 T    101 =  -18.0996 T    102 =  -18.4709 T    103 =    4.4360 T    104 =    7.3152 T    105 =   -6.0914
 T    106 =   -2.7225 T    107 =  -13.4001 T    108 =   -5.7283 T    109 =   -2.4198 T    110 =   -6.4251 T    111 =  -10.6486
 T    112 =   -1.1592 T    113 =   -3.7077 T    114 =   -1.8844 T    115 =  -12.7130 T    116 =   -6.5281 T    117 =   -1.1165
 T   1102 =    9.8848 T   1430 =    9.2753 T    600 =   20.9604 T   1101 =    1.1474 T    555 =   21.0000 T    565 =   21.0000
 T    900 =   -7.7893 T    920 =    9.9259 T    922 =  -96.6305 T    950 =    9.4254 T    951 =    9.3650 T    801 =   -2.2891
 T    802 =   -5.5846 T    803 =  -17.4066 T    804 =  -59.2066 T    805 =   -2.0671 T    806 =   -6.3669 T    907 =   21.0000
 T    808 =  -63.6960 T    811 =  -10.8440 T    812 =  -19.6363 T    813 =  -39.9604 T    814 =  -75.2472 T    815 =  -10.0108
 T    816 =  -21.2062 T    817 =  -37.5868 T    818 =  -78.4044 T   2430 = -157.1541 T    601 =   -5.4239 T   2101 =    0.0960
 T   3101 =    1.1057 T   4101 =    1.1520 T    921 =   21.0000 T   1950 = -117.9967 T   1951 = -118.0299 T    999 = -273.0000

 *****************
 TIME= 1.40000E+00, DTIMEU= 2.50000E-03, CSGMIN(    801)= 1.55042E-02, ATMPCC(   2101)=-3.50037E-02, DTMPCC(    922)=-7.64923E-02
     LOOPCT=     3                                                   , ARLXCC(   2101)=-5.18799E-03, DRLXCC(      0)= 0.00000E+00
 
 **** OUTPUT TEMPERATURES IN DEGREES   ****
 T    100 =  -16.8748 T    101 =  -18.7253 T    102 =  -19.0973 T    103 =    3.7007 T    104 =    6.6281 T    105 =   -6.8270
 T    106 =   -3.4482 T    107 =  -14.1260 T    108 =   -6.4756 T    109 =   -3.1740 T    110 =   -7.1899 T    111 =  -11.3844
 T    112 =   -1.8666 T    113 =   -4.4454 T    114 =   -2.6660 T    115 =  -13.3477 T    116 =   -7.2659 T    117 =   -1.8206
 T   1102 =    9.2772 T   1430 =    8.6724 T    600 =   20.9580 T   1101 =    0.5095 T    555 =   21.0000 T    565 =   21.0000
 T    900 =   -8.6441 T    920 =    9.5464 T    922 =  -98.1906 T    950 =    8.8941 T    951 =    8.8574 T    801 =   -3.0656
1(C) COPYRIGHT 1982-1998 J.D.GASKI SINDA/G VERSION-1.80 NETWORK ANALYSIS ASSOCIATES, INC. - PAGE            9

      GLOBALSTAR                                            SIMPLIFIED S/C MODEL                                  50 NODES   
 T    802 =   -6.3633 T    803 =  -18.0978 T    804 =  -59.8525 T    805 =   -2.8427 T    806 =   -7.1357 T    907 =   21.0000
 T    808 =  -64.2944 T    811 =  -11.7949 T    812 =  -20.7213 T    813 =  -41.0672 T    814 =  -76.3006 T    815 =  -10.9491
 T    816 =  -22.2837 T    817 =  -38.7261 T    818 =  -79.3988 T   2430 = -157.4017 T    601 =   -6.1036 T   2101 =   -0.5982
 T   3101 =    0.4650 T   4101 =    0.5141 T    921 =   21.0000 T   1950 = -118.2885 T   1951 = -118.3086 T    999 = -273.0000

 *****************
 TIME= 1.45000E+00, DTIMEU= 2.50000E-03, CSGMIN(    802)= 1.55215E-02, ATMPCC(   2101)=-3.51563E-02, DTMPCC(    922)=-7.35474E-02
     LOOPCT=     3                                                   , ARLXCC(   2101)=-5.12695E-03, DRLXCC(      0)= 0.00000E+00
 
 **** OUTPUT TEMPERATURES IN DEGREES   ****
 T    100 =  -17.4713 T    101 =  -19.3434 T    102 =  -19.7159 T    103 =    2.9689 T    104 =    5.9401 T    105 =   -7.5519
 T    106 =   -4.1656 T    107 =  -14.8369 T    108 =   -7.2114 T    109 =   -3.9190 T    110 =   -7.9424 T    111 =  -12.1073
 T    112 =   -2.5677 T    113 =   -5.1736 T    114 =   -3.4366 T    115 =  -13.9736 T    116 =   -7.9927 T    117 =   -2.5184
 T   1102 =    8.6666 T   1430 =    8.0692 T    600 =   20.9555 T   1101 =   -0.1225 T    555 =   21.0000 T    565 =   21.0000
 T    900 =   -9.4866 T    920 =    9.1690 T    922 =  -99.6900 T    950 =    8.3618 T    951 =    8.3503 T    801 =   -3.8288
 T    802 =   -7.1263 T    803 =  -18.7731 T    804 =  -60.4786 T    805 =   -3.6056 T    806 =   -7.8891 T    907 =   21.0000
 T    808 =  -64.8746 T    811 =  -12.7223 T    812 =  -21.7750 T    813 =  -42.1390 T    814 =  -77.3156 T    815 =  -11.8655
 T    816 =  -23.3292 T    817 =  -39.8296 T    818 =  -80.3576 T   2430 = -157.6495 T    601 =   -6.7743 T   2101 =   -1.2885
 T   3101 =   -0.1693 T   4101 =   -0.1179 T    921 =   21.0000 T   1950 = -118.5808 T   1951 = -118.5871 T    999 = -273.0000

 *****************
 TIME= 1.50000E+00, DTIMEU= 2.50000E-03, CSGMIN(    801)= 1.55385E-02, ATMPCC(   2101)=-3.83911E-02, DTMPCC(    922)=-7.08313E-02
     LOOPCT=     3                                                   , ARLXCC(   2101)=-5.67627E-03, DRLXCC(      0)= 0.00000E+00
 
 **** OUTPUT TEMPERATURES IN DEGREES   ****
 T    100 =  -18.0632 T    101 =  -19.9536 T    102 =  -20.3255 T    103 =    2.2410 T    104 =    5.2514 T    105 =   -8.2666
 T    106 =   -4.8748 T    107 =  -15.5339 T    108 =   -7.9363 T    109 =   -4.6554 T    110 =   -8.6826 T    111 =  -12.8174
 T    112 =   -3.2636 T    113 =   -5.8924 T    114 =   -4.1963 T    115 =  -14.5925 T    116 =   -8.7088 T    117 =   -3.2107
 T   1102 =    8.0533 T   1430 =    7.4662 T    600 =   20.9531 T   1101 =   -0.7489 T    555 =   21.0000 T    565 =   21.0000
 T    900 =  -10.3173 T    920 =    8.7935 T    922 = -101.1330 T    950 =    7.8287 T    951 =    7.8439 T    801 =   -4.5794
 T    802 =   -7.8748 T    803 =  -19.4363 T    804 =  -61.0902 T    805 =   -4.3562 T    806 =   -8.6280 T    907 =   21.0000
 T    808 =  -65.4414 T    811 =  -13.6273 T    812 =  -22.7990 T    813 =  -43.1772 T    814 =  -78.2989 T    815 =  -12.7606
 T    816 =  -24.3452 T    817 =  -40.8982 T    818 =  -81.2870 T   2430 = -157.8972 T    601 =   -7.4357 T   2101 =   -1.9739
 T   3101 =   -0.7981 T   4101 =   -0.7439 T    921 =   21.0000 T   1950 = -118.8735 T   1951 = -118.8651 T    999 = -273.0000

 *****************
 TIME= 1.55000E+00, DTIMEU= 2.50000E-03, CSGMIN(    802)= 1.55551E-02, ATMPCC(   2101)=-2.96326E-02, DTMPCC(    922)=-6.82373E-02
     LOOPCT=     2                                                   , ARLXCC(   2101)=-9.94873E-03, DRLXCC(      0)= 0.00000E+00
 
 **** OUTPUT TEMPERATURES IN DEGREES   ****
 T    100 =  -18.6504 T    101 =  -20.5567 T    102 =  -20.9278 T    103 =    1.5173 T    104 =    4.5629 T    105 =   -8.9715
 T    106 =   -5.5758 T    107 =  -16.2177 T    108 =   -8.6506 T    109 =   -5.3828 T    110 =   -9.4115 T    111 =  -13.5157
 T    112 =   -3.9532 T    113 =   -6.6021 T    114 =   -4.9455 T    115 =  -15.2029 T    116 =   -9.4147 T    117 =   -3.8967
 T   1102 =    7.4382 T   1430 =    6.8640 T    600 =   20.9506 T   1101 =   -1.3695 T    555 =   21.0000 T    565 =   21.0000
 T    900 =  -11.1364 T    920 =    8.4200 T    922 = -102.5229 T    950 =    7.2950 T    951 =    7.3382 T    801 =   -5.3179
 T    802 =   -8.6092 T    803 =  -20.0855 T    804 =  -61.6850 T    805 =   -5.0951 T    806 =   -9.3531 T    907 =   21.0000
 T    808 =  -65.9928 T    811 =  -14.5111 T    812 =  -23.7949 T    813 =  -44.1842 T    814 =  -79.2483 T    815 =  -13.6359
 T    816 =  -25.3324 T    817 =  -41.9349 T    818 =  -82.1849 T   2430 = -158.1439 T    601 =   -8.0848 T   2101 =   -2.6513
 T   3101 =   -1.4170 T   4101 =   -1.3606 T    921 =   21.0000 T   1950 = -119.1665 T   1951 = -119.1428 T    999 = -273.0000

 *****************
 TIME= 1.60000E+00, DTIMEU= 2.50000E-03, CSGMIN(    801)= 1.55713E-02, ATMPCC(   2101)=-2.91443E-02, DTMPCC(    922)=-6.58569E-02
     LOOPCT=     2                                                   , ARLXCC(   2101)=-9.88770E-03, DRLXCC(      0)= 0.00000E+00
 
 **** OUTPUT TEMPERATURES IN DEGREES   ****
 T    100 =  -19.2330 T    101 =  -21.1522 T    102 =  -21.5215 T    103 =    0.7979 T    104 =    3.8749 T    105 =   -9.6669
1(C) COPYRIGHT 1982-1998 J.D.GASKI SINDA/G VERSION-1.80 NETWORK ANALYSIS ASSOCIATES, INC. - PAGE           10

      GLOBALSTAR                                            SIMPLIFIED S/C MODEL                                  50 NODES   
 T    106 =   -6.2691 T    107 =  -16.8893 T    108 =   -9.3548 T    109 =   -6.1020 T    110 =  -10.1292 T    111 =  -14.2025
 T    112 =   -4.6377 T    113 =   -7.3030 T    114 =   -5.6844 T    115 =  -15.8069 T    116 =  -10.1106 T    117 =   -4.5772
 T   1102 =    6.8214 T   1430 =    6.2627 T    600 =   20.9479 T   1101 =   -1.9847 T    555 =   21.0000 T    565 =   21.0000
 T    900 =  -11.9442 T    920 =    8.0483 T    922 = -103.8633 T    950 =    6.7611 T    951 =    6.8335 T    801 =   -6.0448
 T    802 =   -9.3307 T    803 =  -20.7241 T    804 =  -62.2677 T    805 =   -5.8227 T    806 =  -10.0652 T    907 =   21.0000
 T    808 =  -66.5331 T    811 =  -15.3747 T    812 =  -24.7641 T    813 =  -45.1612 T    814 =  -80.1696 T    815 =  -14.4918
 T    816 =  -26.2931 T    817 =  -42.9404 T    818 =  -83.0569 T   2430 = -158.3909 T    601 =   -8.7300 T   2101 =   -3.3285
 T   3101 =   -2.0353 T   4101 =   -1.9758 T    921 =   21.0000 T   1950 = -119.4597 T   1951 = -119.4200 T    999 = -273.0000

 *****************
 TIME= 1.65000E+00, DTIMEU= 2.50000E-03, CSGMIN(    802)= 1.55873E-02, ATMPCC(   2101)=-2.92969E-02, DTMPCC(    922)=-6.35681E-02
     LOOPCT=     2                                                   , ARLXCC(   2101)=-9.82666E-03, DRLXCC(      0)= 0.00000E+00
 
 **** OUTPUT TEMPERATURES IN DEGREES   ****
 T    100 =  -19.8109 T    101 =  -21.7410 T    102 =  -22.1085 T    103 =    0.0832 T    104 =    3.1880 T    105 =  -10.3531
 T    106 =   -6.9547 T    107 =  -17.5490 T    108 =  -10.0491 T    109 =   -6.8125 T    110 =  -10.8362 T    111 =  -14.8784
 T    112 =   -5.3157 T    113 =   -7.9954 T    114 =   -6.4130 T    115 =  -16.4030 T    116 =  -10.7971 T    117 =   -5.2517
 T   1102 =    6.2037 T   1430 =    5.6627 T    600 =   20.9452 T   1101 =   -2.5944 T    555 =   21.0000 T    565 =   21.0000
 T    900 =  -12.7409 T    920 =    7.6786 T    922 = -105.1568 T    950 =    6.2272 T    951 =    6.3299 T    801 =   -6.7605
 T    802 =  -10.0395 T    803 =  -21.3503 T    804 =  -62.8358 T    805 =   -6.5394 T    806 =  -10.7649 T    907 =   21.0000
 T    808 =  -67.0600 T    811 =  -16.2191 T    812 =  -25.7081 T    813 =  -46.1103 T    814 =  -81.0608 T    815 =  -15.3296
 T    816 =  -27.2281 T    817 =  -43.9175 T    818 =  -83.9008 T   2430 = -158.6373 T    601 =   -9.3671 T   2101 =   -4.0013
 T   3101 =   -2.6475 T   4101 =   -2.5855 T    921 =   21.0000 T   1950 = -119.7529 T   1951 = -119.6965 T    999 = -273.0000

 *****************
 TIME= 1.70000E+00, DTIMEU= 2.50000E-03, CSGMIN(    801)= 1.56029E-02, ATMPCC(   2101)=-2.87476E-02, DTMPCC(    922)=-6.14624E-02
     LOOPCT=     2                                                   , ARLXCC(   2101)=-9.73511E-03, DRLXCC(      0)= 0.00000E+00
 
 **** OUTPUT TEMPERATURES IN DEGREES   ****
 T    100 =  -20.3844 T    101 =  -22.3228 T    102 =  -22.6874 T    103 =   -0.6268 T    104 =    2.5023 T    105 =  -11.0305
 T    106 =   -7.6328 T    107 =  -18.1978 T    108 =  -10.7339 T    109 =   -7.5151 T    110 =  -11.5330 T    111 =  -15.5437
 T    112 =   -5.9888 T    113 =   -8.6794 T    114 =   -7.1318 T    115 =  -16.9929 T    116 =  -11.4743 T    117 =   -5.9207
 T   1102 =    5.5853 T   1430 =    5.0643 T    600 =   20.9425 T   1101 =   -3.1988 T    555 =   21.0000 T    565 =   21.0000
 T    900 =  -13.5268 T    920 =    7.3108 T    922 = -106.4066 T    950 =    5.6935 T    951 =    5.8276 T    801 =   -7.4657
 T    802 =  -10.7366 T    803 =  -21.9671 T    804 =  -63.3937 T    805 =   -7.2458 T    806 =  -11.4529 T    907 =   21.0000
 T    808 =  -67.5774 T    811 =  -17.0451 T    812 =  -26.6282 T    813 =  -47.0326 T    814 =  -81.9272 T    815 =  -16.1499
 T    816 =  -28.1392 T    817 =  -44.8666 T    818 =  -84.7216 T   2430 = -158.8831 T    601 =   -9.9964 T   2101 =   -4.6694
 T   3101 =   -3.2552 T   4101 =   -3.1900 T    921 =   21.0000 T   1950 = -120.0459 T   1951 = -119.9723 T    999 = -273.0000

 *****************
 TIME= 1.75000E+00, DTIMEU= 2.50000E-03, CSGMIN(    802)= 1.56183E-02, ATMPCC(   2101)=-2.89307E-02, DTMPCC(    922)=-5.94177E-02
     LOOPCT=     2                                                   , ARLXCC(   2101)=-9.73511E-03, DRLXCC(      0)= 0.00000E+00
 
 **** OUTPUT TEMPERATURES IN DEGREES   ****
 T    100 =  -20.9531 T    101 =  -22.8983 T    102 =  -23.2599 T    103 =   -1.3318 T    104 =    1.8184 T    105 =  -11.6992
 T    106 =   -8.3037 T    107 =  -18.8359 T    108 =  -11.4096 T    109 =   -8.2095 T    110 =  -12.2199 T    111 =  -16.1992
 T    112 =   -6.6557 T    113 =   -9.3554 T    114 =   -7.8411 T    115 =  -17.5754 T    116 =  -12.1427 T    117 =   -6.5836
 T   1102 =    4.9667 T   1430 =    4.4679 T    600 =   20.9397 T   1101 =   -3.7979 T    555 =   21.0000 T    565 =   21.0000
 T    900 =  -14.3022 T    920 =    6.9449 T    922 = -107.6148 T    950 =    5.1603 T    951 =    5.3266 T    801 =   -8.1606
 T    802 =  -11.4223 T    803 =  -22.5727 T    804 =  -63.9387 T    805 =   -7.9421 T    806 =  -12.1298 T    907 =   21.0000
 T    808 =  -68.0832 T    811 =  -17.8538 T    812 =  -27.5252 T    813 =  -47.9299 T    814 =  -82.7665 T    815 =  -16.9538
 T    816 =  -29.0271 T    817 =  -45.7901 T    818 =  -85.5173 T   2430 = -159.1281 T    601 =  -10.6181 T   2101 =   -5.3330
 T   3101 =   -3.8568 T   4101 =   -3.7892 T    921 =   21.0000 T   1950 = -120.3387 T   1951 = -120.2474 T    999 = -273.0000
1(C) COPYRIGHT 1982-1998 J.D.GASKI SINDA/G VERSION-1.80 NETWORK ANALYSIS ASSOCIATES, INC. - PAGE           11

      GLOBALSTAR                                            SIMPLIFIED S/C MODEL                                  50 NODES   

 *****************
 TIME= 1.80000E+00, DTIMEU= 2.50000E-03, CSGMIN(    801)= 1.56333E-02, ATMPCC(   2101)=-2.83813E-02, DTMPCC(    922)=-5.75409E-02
     LOOPCT=     2                                                   , ARLXCC(   2101)=-9.64355E-03, DRLXCC(      0)= 0.00000E+00
 
 **** OUTPUT TEMPERATURES IN DEGREES   ****
 T    100 =  -21.5174 T    101 =  -23.4670 T    102 =  -23.8248 T    103 =   -2.0320 T    104 =    1.1365 T    105 =  -12.3599
 T    106 =   -8.9674 T    107 =  -19.4642 T    108 =  -12.0764 T    109 =   -8.8965 T    110 =  -12.8973 T    111 =  -16.8448
 T    112 =   -7.3175 T    113 =  -10.0235 T    114 =   -8.5409 T    115 =  -18.1519 T    116 =  -12.8023 T    117 =   -7.2411
 T   1102 =    4.3481 T   1430 =    3.8736 T    600 =   20.9369 T   1101 =   -4.3918 T    555 =   21.0000 T    565 =   21.0000
 T    900 =  -15.0672 T    920 =    6.5808 T    922 = -108.7841 T    950 =    4.6277 T    951 =    4.8271 T    801 =   -8.8457
 T    802 =  -12.0975 T    803 =  -23.1699 T    804 =  -64.4749 T    805 =   -8.6288 T    806 =  -12.7961 T    907 =   21.0000
 T    808 =  -68.5809 T    811 =  -18.6459 T    812 =  -28.4007 T    813 =  -48.8030 T    814 =  -83.5836 T    815 =  -17.7416
 T    816 =  -29.8935 T    817 =  -46.6885 T    818 =  -86.2924 T   2430 = -159.3722 T    601 =  -11.2324 T   2101 =   -5.9916
 T   3101 =   -4.4540 T   4101 =   -4.3832 T    921 =   21.0000 T   1950 = -120.6312 T   1951 = -120.5216 T    999 = -273.0000

 *****************
 TIME= 1.85000E+00, DTIMEU= 2.50000E-03, CSGMIN(    802)= 1.56481E-02, ATMPCC(   2101)=-2.85034E-02, DTMPCC(    922)=-5.57404E-02
     LOOPCT=     2                                                   , ARLXCC(   2101)=-9.58252E-03, DRLXCC(      0)= 0.00000E+00
 
 **** OUTPUT TEMPERATURES IN DEGREES   ****
 T    100 =  -22.0770 T    101 =  -24.0298 T    102 =  -24.3837 T    103 =   -2.7270 T    104 =    0.4570 T    105 =  -13.0124
 T    106 =   -9.6242 T    107 =  -20.0828 T    108 =  -12.7346 T    109 =   -9.5755 T    110 =  -13.5654 T    111 =  -17.4814
 T    112 =   -7.9731 T    113 =  -10.6840 T    114 =   -9.2316 T    115 =  -18.7215 T    116 =  -13.4536 T    117 =   -7.8927
 T   1102 =    3.7299 T   1430 =    3.2817 T    600 =   20.9341 T   1101 =   -4.9806 T    555 =   21.0000 T    565 =   21.0000
 T    900 =  -15.8222 T    920 =    6.2186 T    922 = -109.9164 T    950 =    4.0959 T    951 =    4.3293 T    801 =   -9.5214
 T    802 =  -12.7622 T    803 =  -23.7569 T    804 =  -64.9997 T    805 =   -9.3062 T    806 =  -13.4523 T    907 =   21.0000
 T    808 =  -69.0681 T    811 =  -19.4221 T    812 =  -29.2554 T    813 =  -49.6536 T    814 =  -84.3764 T    815 =  -18.5145
 T    816 =  -30.7387 T    817 =  -47.5640 T    818 =  -87.0448 T   2430 = -159.6153 T    601 =  -11.8395 T   2101 =   -6.6457
 T   3101 =   -5.0454 T   4101 =   -4.9721 T    921 =   21.0000 T   1950 = -120.9232 T   1951 = -120.7950 T    999 = -273.0000

 *****************
 TIME= 1.90000E+00, DTIMEU= 2.50000E-03, CSGMIN(    801)= 1.56627E-02, ATMPCC(   2101)=-2.74048E-02, DTMPCC(    922)=-5.40466E-02
     LOOPCT=     2                                                   , ARLXCC(   2101)=-9.12476E-03, DRLXCC(      0)= 0.00000E+00
 
 **** OUTPUT TEMPERATURES IN DEGREES   ****
 T    100 =  -22.6309 T    101 =  -24.5861 T    102 =  -24.9354 T    103 =   -3.4166 T    104 =   -0.2197 T    105 =  -13.6572
 T    106 =  -10.2740 T    107 =  -20.6924 T    108 =  -13.3845 T    109 =  -10.2469 T    110 =  -14.2247 T    111 =  -18.1088
 T    112 =   -8.6227 T    113 =  -11.3369 T    114 =   -9.9133 T    115 =  -19.2854 T    116 =  -14.0968 T    117 =   -8.5387
 T   1102 =    3.1126 T   1430 =    2.6925 T    600 =   20.9313 T   1101 =   -4.9977 T    555 =   21.0000 T    565 =   21.0000
 T    900 =  -16.5673 T    920 =    5.8583 T    922 = -111.0138 T    950 =    3.5650 T    951 =    3.8331 T    801 =  -10.1880
 T    802 =  -13.4173 T    803 =  -24.3365 T    804 =  -65.5169 T    805 =   -9.9746 T    806 =  -14.0988 T    907 =   21.0000
 T    808 =  -69.5484 T    811 =  -20.1831 T    812 =  -30.0906 T    813 =  -50.4824 T    814 =  -85.1492 T    815 =  -19.2727
 T    816 =  -31.5647 T    817 =  -48.4166 T    818 =  -87.7786 T   2430 = -159.8573 T    601 =  -12.4396 T   2101 =   -7.2792
 T   3101 =   -5.0987 T   4101 =   -4.9984 T    921 =   21.0000 T   1950 = -121.2147 T   1951 = -121.0675 T    999 = -273.0000

 *****************
 TIME= 1.95000E+00, DTIMEU= 2.50000E-03, CSGMIN(    802)= 1.56770E-02, ATMPCC(   2101)=-2.71301E-02, DTMPCC(    922)=-5.24139E-02
     LOOPCT=     2                                                   , ARLXCC(   2101)=-9.03320E-03, DRLXCC(      0)= 0.00000E+00
 
 **** OUTPUT TEMPERATURES IN DEGREES   ****
 T    100 =  -23.1778 T    101 =  -25.1365 T    102 =  -25.4814 T    103 =   -4.1003 T    104 =   -0.8932 T    105 =  -14.2943
 T    106 =  -10.9171 T    107 =  -21.2932 T    108 =  -14.0262 T    109 =  -10.9095 T    110 =  -14.8753 T    111 =  -18.7278
 T    112 =   -9.2640 T    113 =  -11.9825 T    114 =  -10.5863 T    115 =  -19.8427 T    116 =  -14.7321 T    117 =   -9.1784
 T   1102 =    2.4965 T   1430 =    2.1060 T    600 =   20.9283 T   1101 =   -4.9528 T    555 =   21.0000 T    565 =   21.0000
 T    900 =  -17.3029 T    920 =    5.4997 T    922 = -112.0780 T    950 =    3.0353 T    951 =    3.3386 T    801 =  -10.8457
1(C) COPYRIGHT 1982-1998 J.D.GASKI SINDA/G VERSION-1.80 NETWORK ANALYSIS ASSOCIATES, INC. - PAGE           12

      GLOBALSTAR                                            SIMPLIFIED S/C MODEL                                  50 NODES   
 T    802 =  -14.0627 T    803 =  -24.9066 T    804 =  -66.0238 T    805 =  -10.6343 T    806 =  -14.7359 T    907 =   21.0000
 T    808 =  -70.0193 T    811 =  -20.9297 T    812 =  -30.9069 T    813 =  -51.2908 T    814 =  -85.9001 T    815 =  -20.0171
 T    816 =  -32.3714 T    817 =  -49.2485 T    818 =  -88.4919 T   2430 = -160.0983 T    601 =  -13.0326 T   2101 =   -7.9044
 T   3101 =   -5.0826 T   4101 =   -4.9535 T    921 =   21.0000 T   1950 = -121.5056 T   1951 = -121.3390 T    999 = -273.0000

 *****************
 TIME= 2.00000E+00, DTIMEU= 2.50000E-03, CSGMIN(    801)= 1.56911E-02, ATMPCC(   2101)=-3.57361E-02, DTMPCC(    922)=-5.09033E-02
     LOOPCT=     3                                                   , ARLXCC(   2101)=-5.12695E-03, DRLXCC(      0)= 0.00000E+00
 
 **** OUTPUT TEMPERATURES IN DEGREES   ****
 T    100 =  -23.7192 T    101 =  -25.6806 T    102 =  -26.0206 T    103 =   -4.7785 T    104 =   -1.5633 T    105 =  -14.9242
 T    106 =  -11.5537 T    107 =  -21.8857 T    108 =  -14.6600 T    109 =  -11.5641 T    110 =  -15.5175 T    111 =  -19.3382
 T    112 =   -9.8994 T    113 =  -12.6207 T    114 =  -11.2509 T    115 =  -20.3945 T    116 =  -15.3598 T    117 =   -9.8122
 T   1102 =    1.8817 T   1430 =    1.5225 T    600 =   20.9253 T   1101 =   -4.9092 T    555 =   21.0000 T    565 =   21.0000
 T    900 =  -18.0290 T    920 =    5.1430 T    922 = -113.1109 T    950 =    2.5068 T    951 =    2.8459 T    801 =  -11.4948
 T    802 =  -14.6992 T    803 =  -25.4699 T    804 =  -66.5239 T    805 =  -11.2854 T    806 =  -15.3642 T    907 =   21.0000
 T    808 =  -70.4841 T    811 =  -21.6622 T    812 =  -31.7055 T    813 =  -52.0794 T    814 =  -86.6330 T    815 =  -20.7479
 T    816 =  -33.1607 T    817 =  -50.0597 T    818 =  -89.1884 T   2430 = -160.3386 T    601 =  -13.6224 T   2101 =   -8.5281
 T   3101 =   -5.0680 T   4101 =   -4.9095 T    921 =   21.0000 T   1950 = -121.7957 T   1951 = -121.6096 T    999 = -273.0000

 *****************
 TIME= 2.05000E+00, DTIMEU= 2.50000E-03, CSGMIN(    802)= 1.57049E-02, ATMPCC(   2101)=-3.53699E-02, DTMPCC(    922)=-4.94385E-02
     LOOPCT=     3                                                   , ARLXCC(   2101)=-5.03540E-03, DRLXCC(      0)= 0.00000E+00
 
 **** OUTPUT TEMPERATURES IN DEGREES   ****
 T    100 =  -24.2554 T    101 =  -26.2192 T    102 =  -26.5544 T    103 =   -5.4508 T    104 =   -2.2297 T    105 =  -15.5467
 T    106 =  -12.1837 T    107 =  -22.4701 T    108 =  -15.2863 T    109 =  -12.2107 T    110 =  -16.1514 T    111 =  -19.9408
 T    112 =  -10.5283 T    113 =  -13.2518 T    114 =  -11.9072 T    115 =  -20.9401 T    116 =  -15.9799 T    117 =  -10.4400
 T   1102 =    1.2688 T   1430 =    0.9420 T    600 =   20.9222 T   1101 =   -4.8667 T    555 =   21.0000 T    565 =   21.0000
 T    900 =  -18.7459 T    920 =    4.7881 T    922 = -114.1138 T    950 =    1.9798 T    951 =    2.3551 T    801 =  -12.1356
 T    802 =  -15.3268 T    803 =  -26.0246 T    804 =  -67.0147 T    805 =  -11.9283 T    806 =  -15.9839 T    907 =   21.0000
 T    808 =  -70.9404 T    811 =  -22.3815 T    812 =  -32.4867 T    813 =  -52.8495 T    814 =  -87.3460 T    815 =  -21.4660
 T    816 =  -33.9324 T    817 =  -50.8520 T    818 =  -89.8664 T   2430 = -160.5770 T    601 =  -14.2018 T   2101 =   -9.1424
 T   3101 =   -5.0535 T   4101 =   -4.8671 T    921 =   21.0000 T   1950 = -122.0851 T   1951 = -121.8790 T    999 = -273.0000

 *****************
 TIME= 2.10000E+00, DTIMEU= 2.50000E-03, CSGMIN(    801)= 1.57185E-02, ATMPCC(   2101)=-3.51257E-02, DTMPCC(    922)=-4.80652E-02
     LOOPCT=     3                                                   , ARLXCC(   2101)=-5.03540E-03, DRLXCC(      0)= 0.00000E+00
 
 **** OUTPUT TEMPERATURES IN DEGREES   ****
 T    100 =  -24.7868 T    101 =  -26.7517 T    102 =  -27.0817 T    103 =   -6.1173 T    104 =   -2.8925 T    105 =  -16.1622
 T    106 =  -12.8073 T    107 =  -23.0468 T    108 =  -15.9051 T    109 =  -12.8500 T    110 =  -16.7773 T    111 =  -20.5354
 T    112 =  -11.1520 T    113 =  -13.8760 T    114 =  -12.5554 T    115 =  -21.4804 T    116 =  -16.5928 T    117 =  -11.0621
 T   1102 =    0.6578 T   1430 =    0.3649 T    600 =   20.9192 T   1101 =   -4.8255 T    555 =   21.0000 T    565 =   21.0000
 T    900 =  -19.4539 T    920 =    4.4349 T    922 = -115.0885 T    950 =    1.4543 T    951 =    1.8662 T    801 =  -12.7683
 T    802 =  -15.9462 T    803 =  -26.5731 T    804 =  -67.4996 T    805 =  -12.5631 T    806 =  -16.5953 T    907 =   21.0000
 T    808 =  -71.3912 T    811 =  -23.0878 T    812 =  -33.2518 T    813 =  -53.6016 T    814 =  -88.0427 T    815 =  -22.1715
 T    816 =  -34.6881 T    817 =  -51.6256 T    818 =  -90.5291 T   2430 = -160.8141 T    601 =  -14.7747 T   2101 =   -9.7516
 T   3101 =   -5.0402 T   4101 =   -4.8258 T    921 =   21.0000 T   1950 = -122.3737 T   1951 = -122.1475 T    999 = -273.0000

 *****************
 TIME= 2.15000E+00, DTIMEU= 2.50000E-03, CSGMIN(    802)= 1.57319E-02, ATMPCC(   2101)=-2.97852E-02, DTMPCC(    922)=-4.67377E-02
     LOOPCT=     2                                                   , ARLXCC(   2101)=-9.91821E-03, DRLXCC(      0)= 0.00000E+00
 
 **** OUTPUT TEMPERATURES IN DEGREES   ****
 T    100 =  -25.3134 T    101 =  -27.2789 T    102 =  -27.6038 T    103 =   -6.7780 T    104 =   -3.5512 T    105 =  -16.7708
1(C) COPYRIGHT 1982-1998 J.D.GASKI SINDA/G VERSION-1.80 NETWORK ANALYSIS ASSOCIATES, INC. - PAGE           13

      GLOBALSTAR                                            SIMPLIFIED S/C MODEL                                  50 NODES   
 T    106 =  -13.4246 T    107 =  -23.6160 T    108 =  -16.5166 T    109 =  -13.4817 T    110 =  -17.3954 T    111 =  -21.1226
 T    112 =  -11.7693 T    113 =  -14.4933 T    114 =  -13.1957 T    115 =  -22.0147 T    116 =  -17.1986 T    117 =  -11.6783
 T   1102 =    0.0490 T   1430 =   -0.2091 T    600 =   20.9161 T   1101 =   -4.7854 T    555 =   21.0000 T    565 =   21.0000
 T    900 =  -20.1530 T    920 =    4.0834 T    922 = -116.0362 T    950 =    0.9304 T    951 =    1.3793 T    801 =  -13.3932
 T    802 =  -16.5573 T    803 =  -27.1134 T    804 =  -67.9758 T    805 =  -13.1902 T    806 =  -17.1987 T    907 =   21.0000
 T    808 =  -71.8343 T    811 =  -23.7818 T    812 =  -34.0010 T    813 =  -54.3369 T    814 =  -88.7212 T    815 =  -22.8653
 T    816 =  -35.4278 T    817 =  -52.3820 T    818 =  -91.1748 T   2430 = -161.0492 T    601 =  -15.3365 T   2101 =  -10.3503
 T   3101 =   -5.0269 T   4101 =   -4.7860 T    921 =   21.0000 T   1950 = -122.6613 T   1951 = -122.4148 T    999 = -273.0000

 *****************
 TIME= 2.20001E+00, DTIMEU= 2.50000E-03, CSGMIN(    801)= 1.57451E-02, ATMPCC(   2101)=-2.95715E-02, DTMPCC(    922)=-4.55017E-02
     LOOPCT=     2                                                   , ARLXCC(   2101)=-9.85718E-03, DRLXCC(      0)= 0.00000E+00
 
 **** OUTPUT TEMPERATURES IN DEGREES   ****
 T    100 =  -25.8354 T    101 =  -27.8003 T    102 =  -28.1197 T    103 =   -7.4329 T    104 =   -4.2059 T    105 =  -17.3727
 T    106 =  -14.0358 T    107 =  -24.1781 T    108 =  -17.1210 T    109 =  -14.1067 T    110 =  -18.0060 T    111 =  -21.7023
 T    112 =  -12.3817 T    113 =  -15.1040 T    114 =  -13.8284 T    115 =  -22.5440 T    116 =  -17.7974 T    117 =  -12.2891
 T   1102 =   -0.5575 T   1430 =   -0.7796 T    600 =   20.9131 T   1101 =   -4.7465 T    555 =   21.0000 T    565 =   21.0000
 T    900 =  -20.8436 T    920 =    3.7338 T    922 = -116.9582 T    950 =    0.4082 T    951 =    0.8944 T    801 =  -14.0106
 T    802 =  -17.1608 T    803 =  -27.6480 T    804 =  -68.4467 T    805 =  -13.8098 T    806 =  -17.7944 T    907 =   21.0000
 T    808 =  -72.2724 T    811 =  -24.4640 T    812 =  -34.7354 T    813 =  -55.0557 T    814 =  -89.3850 T    815 =  -23.5475
 T    816 =  -36.1528 T    817 =  -53.1213 T    818 =  -91.8067 T   2430 = -161.2835 T    601 =  -15.8967 T   2101 =  -10.9491
 T   3101 =   -5.0151 T   4101 =   -4.7471 T    921 =   21.0000 T   1950 = -122.9481 T   1951 = -122.6811 T    999 = -273.0000

 *****************
 TIME= 2.25001E+00, DTIMEU= 2.50000E-03, CSGMIN(    802)= 1.57581E-02, ATMPCC(   2101)=-2.92969E-02, DTMPCC(    922)=-4.42810E-02
     LOOPCT=     2                                                   , ARLXCC(   2101)=-9.76563E-03, DRLXCC(      0)= 0.00000E+00
 
 **** OUTPUT TEMPERATURES IN DEGREES   ****
 T    100 =  -26.3527 T    101 =  -28.3167 T    102 =  -28.6307 T    103 =   -8.0821 T    104 =   -4.8564 T    105 =  -17.9679
 T    106 =  -14.6409 T    107 =  -24.7330 T    108 =  -17.7187 T    109 =  -14.7246 T    110 =  -18.6092 T    111 =  -22.2750
 T    112 =  -12.9879 T    113 =  -15.7082 T    114 =  -14.4534 T    115 =  -23.0676 T    116 =  -18.3895 T    117 =  -12.8942
 T   1102 =   -1.1613 T   1430 =   -1.3465 T    600 =   20.9099 T   1101 =   -4.7087 T    555 =   21.0000 T    565 =   21.0000
 T    900 =  -21.5257 T    920 =    3.3858 T    922 = -117.8557 T    950 =   -0.1121 T    951 =    0.4115 T    801 =  -14.6206
 T    802 =  -17.7564 T    803 =  -28.1751 T    804 =  -68.9097 T    805 =  -14.4221 T    806 =  -18.3827 T    907 =   21.0000
 T    808 =  -72.7034 T    811 =  -25.1348 T    812 =  -35.4552 T    813 =  -55.7592 T    814 =  -90.0322 T    815 =  -24.2187
 T    816 =  -36.8631 T    817 =  -53.8449 T    818 =  -92.4232 T   2430 = -161.5164 T    601 =  -16.4509 T   2101 =  -11.5425
 T   3101 =   -5.0033 T   4101 =   -4.7093 T    921 =   21.0000 T   1950 = -123.2338 T   1951 = -122.9463 T    999 = -273.0000

 *****************
 TIME= 2.30001E+00, DTIMEU= 2.50000E-03, CSGMIN(    801)= 1.57709E-02, ATMPCC(   2101)=-2.90833E-02, DTMPCC(    922)=-4.31519E-02
     LOOPCT=     2                                                   , ARLXCC(   2101)=-9.70459E-03, DRLXCC(      0)= 0.00000E+00
 
 **** OUTPUT TEMPERATURES IN DEGREES   ****
 T    100 =  -26.8657 T    101 =  -28.8276 T    102 =  -29.1357 T    103 =   -8.7255 T    104 =   -5.5026 T    105 =  -18.5568
 T    106 =  -15.2400 T    107 =  -25.2813 T    108 =  -18.3096 T    109 =  -15.3362 T    110 =  -19.2053 T    111 =  -22.8406
 T    112 =  -13.5894 T    113 =  -16.3060 T    114 =  -15.0713 T    115 =  -23.5862 T    116 =  -18.9749 T    117 =  -13.4939
 T   1102 =   -1.7626 T   1430 =   -1.9098 T    600 =   20.9068 T   1101 =   -4.6720 T    555 =   21.0000 T    565 =   21.0000
 T    900 =  -22.1996 T    920 =    3.0396 T    922 = -118.7299 T    950 =   -0.6306 T    951 =   -0.0692 T    801 =  -15.2236
 T    802 =  -18.3450 T    803 =  -28.6968 T    804 =  -69.3678 T    805 =  -15.0273 T    806 =  -18.9637 T    907 =   21.0000
 T    808 =  -73.1300 T    811 =  -25.7946 T    812 =  -36.1615 T    813 =  -56.4476 T    814 =  -90.6659 T    815 =  -24.8792
 T    816 =  -37.5601 T    817 =  -54.5528 T    818 =  -93.0269 T   2430 = -161.7477 T    601 =  -16.9990 T   2101 =  -12.1310
 T   3101 =   -4.9929 T   4101 =   -4.6725 T    921 =   21.0000 T   1950 = -123.5185 T   1951 = -123.2102 T    999 = -273.0000
1(C) COPYRIGHT 1982-1998 J.D.GASKI SINDA/G VERSION-1.80 NETWORK ANALYSIS ASSOCIATES, INC. - PAGE           14

      GLOBALSTAR                                            SIMPLIFIED S/C MODEL                                  50 NODES   

 *****************
 TIME= 2.35001E+00, DTIMEU= 2.50000E-03, CSGMIN(    802)= 1.57835E-02, ATMPCC(   2101)=-2.87781E-02, DTMPCC(    922)=-4.20380E-02
     LOOPCT=     2                                                   , ARLXCC(   2101)=-9.61304E-03, DRLXCC(      0)= 0.00000E+00
 
 **** OUTPUT TEMPERATURES IN DEGREES   ****
 T    100 =  -27.3741 T    101 =  -29.3337 T    102 =  -29.6361 T    103 =   -9.3632 T    104 =   -6.1444 T    105 =  -19.1393
 T    106 =  -15.8332 T    107 =  -25.8230 T    108 =  -18.8939 T    109 =  -15.9410 T    110 =  -19.7944 T    111 =  -23.3997
 T    112 =  -14.1848 T    113 =  -16.8977 T    114 =  -15.6820 T    115 =  -24.0994 T    116 =  -19.5540 T    117 =  -14.0880
 T   1102 =   -2.3610 T   1430 =   -2.4694 T    600 =   20.9035 T   1101 =   -4.6364 T    555 =   21.0000 T    565 =   21.0000
 T    900 =  -22.8656 T    920 =    2.6950 T    922 = -119.5816 T    950 =   -1.1470 T    951 =   -0.5478 T    801 =  -15.8195
 T    802 =  -18.9261 T    803 =  -29.2114 T    804 =  -69.8185 T    805 =  -15.6255 T    806 =  -19.5378 T    907 =   21.0000
 T    808 =  -73.5499 T    811 =  -26.4439 T    812 =  -36.8542 T    813 =  -57.1219 T    814 =  -91.2843 T    815 =  -25.5296
 T    816 =  -38.2434 T    817 =  -55.2463 T    818 =  -93.6165 T   2430 = -161.9776 T    601 =  -17.5412 T   2101 =  -12.7142
 T   3101 =   -4.9824 T   4101 =   -4.6370 T    921 =   21.0000 T   1950 = -123.8020 T   1951 = -123.4730 T    999 = -273.0000

 *****************
 TIME= 2.40001E+00, DTIMEU= 2.50000E-03, CSGMIN(    801)= 1.57959E-02, ATMPCC(   2101)=-2.85645E-02, DTMPCC(    922)=-4.10156E-02
     LOOPCT=     2                                                   , ARLXCC(   2101)=-9.49097E-03, DRLXCC(      0)= 0.00000E+00
 
 **** OUTPUT TEMPERATURES IN DEGREES   ****
 T    100 =  -27.8782 T    101 =  -29.8345 T    102 =  -30.1308 T    103 =   -9.9953 T    104 =   -6.7817 T    105 =  -19.7158
 T    106 =  -16.4206 T    107 =  -26.3584 T    108 =  -19.4718 T    109 =  -16.5396 T    110 =  -20.3768 T    111 =  -23.9520
 T    112 =  -14.7755 T    113 =  -17.4832 T    114 =  -16.2857 T    115 =  -24.6078 T    116 =  -20.1268 T    117 =  -14.6770
 T   1102 =   -2.9565 T   1430 =   -3.0252 T    600 =   20.9001 T   1101 =   -4.6018 T    555 =   21.0000 T    565 =   21.0000
 T    900 =  -23.5236 T    920 =    2.3521 T    922 = -120.4121 T    950 =   -1.6613 T    951 =   -1.0242 T    801 =  -16.4088
 T    802 =  -19.5007 T    803 =  -29.7210 T    804 =  -70.2648 T    805 =  -16.2170 T    806 =  -20.1051 T    907 =   21.0000
 T    808 =  -73.9657 T    811 =  -27.0830 T    812 =  -37.5346 T    813 =  -57.7824 T    814 =  -91.8905 T    815 =  -26.1699
 T    816 =  -38.9145 T    817 =  -55.9253 T    818 =  -94.1944 T   2430 = -162.2059 T    601 =  -18.0777 T   2101 =  -13.2924
 T   3101 =   -4.9732 T   4101 =   -4.6024 T    921 =   21.0000 T   1950 = -124.0845 T   1951 = -123.7346 T    999 = -273.0000

 *****************
 TIME= 2.45001E+00, DTIMEU= 2.50000E-03, CSGMIN(    802)= 1.58082E-02, ATMPCC(   2101)=-2.82593E-02, DTMPCC(    922)=-4.00085E-02
     LOOPCT=     2                                                   , ARLXCC(   2101)=-9.39941E-03, DRLXCC(      0)= 0.00000E+00
 
 **** OUTPUT TEMPERATURES IN DEGREES   ****
 T    100 =  -28.3779 T    101 =  -30.3306 T    102 =  -30.6209 T    103 =  -10.6216 T    104 =   -7.4145 T    105 =  -20.2861
 T    106 =  -17.0023 T    107 =  -26.8876 T    108 =  -20.0434 T    109 =  -17.1318 T    110 =  -20.9527 T    111 =  -24.4981
 T    112 =  -15.3603 T    113 =  -18.0628 T    114 =  -16.8827 T    115 =  -25.1110 T    116 =  -20.6933 T    117 =  -15.2606
 T   1102 =   -3.5490 T   1430 =   -3.5773 T    600 =   20.8968 T   1101 =   -4.5684 T    555 =   21.0000 T    565 =   21.0000
 T    900 =  -24.1739 T    920 =    2.0109 T    922 = -121.2220 T    950 =   -2.1736 T    951 =   -1.4984 T    801 =  -16.9914
 T    802 =  -20.0682 T    803 =  -30.2239 T    804 =  -70.7042 T    805 =  -16.8021 T    806 =  -20.6658 T    907 =   21.0000
 T    808 =  -74.3754 T    811 =  -27.7123 T    812 =  -38.2025 T    813 =  -58.4299 T    814 =  -92.4826 T    815 =  -26.8009
 T    816 =  -39.5731 T    817 =  -56.5912 T    818 =  -94.7593 T   2430 = -162.4327 T    601 =  -18.6086 T   2101 =  -13.8655
 T   3101 =   -4.9641 T   4101 =   -4.5689 T    921 =   21.0000 T   1950 = -124.3658 T   1951 = -123.9950 T    999 = -273.0000

 *****************
 TIME= 2.50001E+00, DTIMEU= 2.50000E-03, CSGMIN(    801)= 1.58202E-02, ATMPCC(   2101)=-2.80762E-02, DTMPCC(    922)=-3.90625E-02
     LOOPCT=     2                                                   , ARLXCC(   2101)=-9.33838E-03, DRLXCC(      0)= 0.00000E+00
 
 **** OUTPUT TEMPERATURES IN DEGREES   ****
 T    100 =  -28.8734 T    101 =  -30.8217 T    102 =  -31.1057 T    103 =  -11.2424 T    104 =   -8.0428 T    105 =  -20.8505
 T    106 =  -17.5784 T    107 =  -27.4109 T    108 =  -20.6089 T    109 =  -17.7182 T    110 =  -21.5220 T    111 =  -25.0379
 T    112 =  -15.9405 T    113 =  -18.6365 T    114 =  -17.4730 T    115 =  -25.6097 T    116 =  -21.2539 T    117 =  -15.8391
 T   1102 =   -4.1382 T   1430 =   -4.1256 T    600 =   20.8934 T   1101 =   -4.5359 T    555 =   21.0000 T    565 =   21.0000
 T    900 =  -24.8166 T    920 =    1.6714 T    922 = -122.0125 T    950 =   -2.6838 T    951 =   -1.9703 T    801 =  -17.5677
1(C) COPYRIGHT 1982-1998 J.D.GASKI SINDA/G VERSION-1.80 NETWORK ANALYSIS ASSOCIATES, INC. - PAGE           15

      GLOBALSTAR                                            SIMPLIFIED S/C MODEL                                  50 NODES   
 T    802 =  -20.6296 T    803 =  -30.7221 T    804 =  -71.1395 T    805 =  -17.3806 T    806 =  -21.2202 T    907 =   21.0000
 T    808 =  -74.7813 T    811 =  -28.3322 T    812 =  -38.8589 T    813 =  -59.0647 T    814 =  -93.0635 T    815 =  -27.4225
 T    816 =  -40.2203 T    817 =  -57.2437 T    818 =  -95.3135 T   2430 = -162.6579 T    601 =  -19.1338 T   2101 =  -14.4338
 T   3101 =   -4.9562 T   4101 =   -4.5364 T    921 =   21.0000 T   1950 = -124.6459 T   1951 = -124.2541 T    999 = -273.0000

 *****************
 TIME= 2.55001E+00, DTIMEU= 2.50000E-03, CSGMIN(    802)= 1.58321E-02, ATMPCC(   2101)=-2.77710E-02, DTMPCC(    922)=-3.81317E-02
     LOOPCT=     2                                                   , ARLXCC(   2101)=-9.24683E-03, DRLXCC(      0)= 0.00000E+00
 
 **** OUTPUT TEMPERATURES IN DEGREES   ****
 T    100 =  -29.3646 T    101 =  -31.3083 T    102 =  -31.5861 T    103 =  -11.8577 T    104 =   -8.6664 T    105 =  -21.4092
 T    106 =  -18.1489 T    107 =  -27.9282 T    108 =  -21.1684 T    109 =  -18.2983 T    110 =  -22.0851 T    111 =  -25.5718
 T    112 =  -16.5150 T    113 =  -19.2044 T    114 =  -18.0568 T    115 =  -26.1033 T    116 =  -21.8086 T    117 =  -16.4123
 T   1102 =   -4.7242 T   1430 =   -4.6700 T    600 =   20.8900 T   1101 =   -4.5045 T    555 =   21.0000 T    565 =   21.0000
 T    900 =  -25.4519 T    920 =    1.3335 T    922 = -122.7842 T    950 =   -3.1916 T    951 =   -2.4400 T    801 =  -18.1377
 T    802 =  -21.1844 T    803 =  -31.2139 T    804 =  -71.5684 T    805 =  -17.9530 T    806 =  -21.7683 T    907 =   21.0000
 T    808 =  -75.1814 T    811 =  -28.9429 T    812 =  -39.5037 T    813 =  -59.6876 T    814 =  -93.6315 T    815 =  -28.0353
 T    816 =  -40.8560 T    817 =  -57.8841 T    818 =  -95.8557 T   2430 = -162.8815 T    601 =  -19.6537 T   2101 =  -14.9969
 T   3101 =   -4.9482 T   4101 =   -4.5050 T    921 =   21.0000 T   1950 = -124.9247 T   1951 = -124.5120 T    999 = -273.0000

 *****************
 TIME= 2.60001E+00, DTIMEU= 2.50000E-03, CSGMIN(    801)= 1.58439E-02, ATMPCC(   2101)=-2.75879E-02, DTMPCC(    922)=-3.72620E-02
     LOOPCT=     2                                                   , ARLXCC(   2101)=-9.18579E-03, DRLXCC(      0)= 0.00000E+00
 
 **** OUTPUT TEMPERATURES IN DEGREES   ****
 T    100 =  -29.8517 T    101 =  -31.7901 T    102 =  -32.0614 T    103 =  -12.4675 T    104 =   -9.2854 T    105 =  -21.9622
 T    106 =  -18.7141 T    107 =  -28.4400 T    108 =  -21.7220 T    109 =  -18.8729 T    110 =  -22.6421 T    111 =  -26.0997
 T    112 =  -17.0849 T    113 =  -19.7667 T    114 =  -18.6342 T    115 =  -26.5925 T    116 =  -22.3575 T    117 =  -16.9805
 T   1102 =   -5.3069 T   1430 =   -5.2105 T    600 =   20.8866 T   1101 =   -4.4741 T    555 =   21.0000 T    565 =   21.0000
 T    900 =  -26.0800 T    920 =    0.9972 T    922 = -123.5379 T    950 =   -3.6972 T    951 =   -2.9074 T    801 =  -18.7018
 T    802 =  -21.7332 T    803 =  -31.7013 T    804 =  -71.9934 T    805 =  -18.5193 T    806 =  -22.3104 T    907 =   21.0000
 T    808 =  -75.5779 T    811 =  -29.5449 T    812 =  -40.1380 T    813 =  -60.2987 T    814 =  -94.1891 T    815 =  -28.6394
 T    816 =  -41.4811 T    817 =  -58.5123 T    818 =  -96.3881 T   2430 = -163.1036 T    601 =  -20.1682 T   2101 =  -15.5553
 T   3101 =   -4.9416 T   4101 =   -4.4746 T    921 =   21.0000 T   1950 = -125.2024 T   1951 = -124.7687 T    999 = -273.0000

 *****************
 TIME= 2.65002E+00, DTIMEU= 2.50000E-03, CSGMIN(    802)= 1.58555E-02, ATMPCC(   2101)=-2.72827E-02, DTMPCC(    922)=-3.64075E-02
     LOOPCT=     2                                                   , ARLXCC(   2101)=-9.06372E-03, DRLXCC(      0)= 0.00000E+00
 
 **** OUTPUT TEMPERATURES IN DEGREES   ****
 T    100 =  -30.3345 T    101 =  -32.2675 T    102 =  -32.5325 T    103 =  -13.0717 T    104 =   -9.8998 T    105 =  -22.5097
 T    106 =  -19.2739 T    107 =  -28.9460 T    108 =  -22.2699 T    109 =  -19.4414 T    110 =  -23.1931 T    111 =  -26.6219
 T    112 =  -17.6492 T    113 =  -20.3235 T    114 =  -19.2055 T    115 =  -27.0768 T    116 =  -22.9008 T    117 =  -17.5436
 T   1102 =   -5.8862 T   1430 =   -5.7472 T    600 =   20.8832 T   1101 =   -4.4447 T    555 =   21.0000 T    565 =   21.0000
 T    900 =  -26.7010 T    920 =    0.6624 T    922 = -124.2743 T    950 =   -4.2004 T    951 =   -3.3727 T    801 =  -19.2598
 T    802 =  -22.2758 T    803 =  -32.1827 T    804 =  -72.4123 T    805 =  -19.0797 T    806 =  -22.8466 T    907 =   21.0000
 T    808 =  -75.9691 T    811 =  -30.1383 T    812 =  -40.7614 T    813 =  -60.8987 T    814 =  -94.7346 T    815 =  -29.2352
 T    816 =  -42.0955 T    817 =  -59.1292 T    818 =  -96.9093 T   2430 = -163.3240 T    601 =  -20.6775 T   2101 =  -16.1086
 T   3101 =   -4.9349 T   4101 =   -4.4452 T    921 =   21.0000 T   1950 = -125.4787 T   1951 = -125.0242 T    999 = -273.0000

 *****************
 TIME= 2.66670E+00, DTIMEU= 1.68395E-03, CSGMIN(    802)= 1.58595E-02, ATMPCC(   2101)=-1.98059E-02, DTMPCC(    922)=-2.43225E-02
     LOOPCT=     2                                                   , ARLXCC(   2101)=-6.59180E-03, DRLXCC(      0)= 0.00000E+00
 
 **** OUTPUT TEMPERATURES IN DEGREES   ****
 T    100 =  -30.4948 T    101 =  -32.4257 T    102 =  -32.6883 T    103 =  -13.2722 T    104 =  -10.1038 T    105 =  -22.6911
1(C) COPYRIGHT 1982-1998 J.D.GASKI SINDA/G VERSION-1.80 NETWORK ANALYSIS ASSOCIATES, INC. - PAGE           16

      GLOBALSTAR                                            SIMPLIFIED S/C MODEL                                  50 NODES   
 T    106 =  -19.4595 T    107 =  -29.1138 T    108 =  -22.4514 T    109 =  -19.6300 T    110 =  -23.3757 T    111 =  -26.7948
 T    112 =  -17.8368 T    113 =  -20.5081 T    114 =  -19.3947 T    115 =  -27.2376 T    116 =  -23.0809 T    117 =  -17.7304
 T   1102 =   -6.0787 T   1430 =   -5.9254 T    600 =   20.8821 T   1101 =   -4.4351 T    555 =   21.0000 T    565 =   21.0000
 T    900 =  -26.9066 T    920 =    0.5511 T    922 = -124.5164 T    950 =   -4.3678 T    951 =   -3.5274 T    801 =  -19.4447
 T    802 =  -22.4557 T    803 =  -32.3427 T    804 =  -72.5518 T    805 =  -19.2654 T    806 =  -23.0243 T    907 =   21.0000
 T    808 =  -76.0992 T    811 =  -30.3344 T    812 =  -40.9674 T    813 =  -61.0965 T    814 =  -94.9149 T    815 =  -29.4322
 T    816 =  -42.2985 T    817 =  -59.3323 T    818 =  -97.0815 T   2430 = -163.3974 T    601 =  -20.8486 T   2101 =  -16.2947
 T   3101 =   -4.9331 T   4101 =   -4.4354 T    921 =   21.0000 T   1950 = -125.5706 T   1951 = -125.1091 T    999 = -273.0000
